26-Jun-2012 04:59:19 org.apache.catalina.startup.Catalina initDirs
SEVERE: Cannot find specified temporary folder at /home/martin/forge/ctms_tc_base/temp
26-Jun-2012 04:59:20 org.apache.coyote.AbstractProtocol init
INFO: Initializing ProtocolHandler ["http-bio-8080"]
26-Jun-2012 04:59:20 org.apache.catalina.startup.Catalina load
INFO: Initialization processed in 1734 ms
26-Jun-2012 04:59:21 org.apache.catalina.core.StandardService startInternal
INFO: Starting service Catalina
26-Jun-2012 04:59:21 org.apache.catalina.core.StandardEngine startInternal
INFO: Starting Servlet Engine: Apache Tomcat/7.0.26
26-Jun-2012 04:59:21 org.apache.catalina.startup.HostConfig deployDescriptor
INFO: Deploying configuration descriptor /home/martin/forge/ctms_tc_base/conf/Catalina/localhost/ROOT.xml
26-Jun-2012 05:00:01 org.apache.coyote.AbstractProtocol start
INFO: Starting ProtocolHandler ["http-bio-8080"]
26-Jun-2012 05:00:01 org.apache.catalina.startup.Catalina start
INFO: Server startup in 40493 ms
26-Jun-2012 05:13:20 org.apache.catalina.core.StandardServer await
INFO: A valid shutdown command was received via the shutdown port. Stopping the Server instance.
26-Jun-2012 05:13:20 org.apache.coyote.AbstractProtocol pause
INFO: Pausing ProtocolHandler ["http-bio-8080"]
26-Jun-2012 05:13:20 org.apache.catalina.core.StandardService stopInternal
INFO: Stopping service Catalina
26-Jun-2012 05:13:20 org.apache.catalina.loader.WebappClassLoader clearReferencesJdbc
SEVERE: The web application [] registered the JDBC driver [org.logicalcobwebs.proxool.ProxoolDriver] but failed to unregister it when the web application was stopped. To prevent a memory leak, the JDBC Driver has been forcibly unregistered.
26-Jun-2012 05:13:20 org.apache.catalina.loader.WebappClassLoader clearReferencesJdbc
SEVERE: The web application [] registered the JDBC driver [com.mysql.jdbc.Driver] but failed to unregister it when the web application was stopped. To prevent a memory leak, the JDBC Driver has been forcibly unregistered.
26-Jun-2012 05:13:20 org.apache.catalina.loader.WebappClassLoader clearReferencesThreads
SEVERE: The web application [] appears to have started a thread named [HouseKeeper] but has failed to stop it. This is very likely to create a memory leak.
26-Jun-2012 05:13:20 org.apache.catalina.loader.WebappClassLoader clearReferencesThreads
SEVERE: The web application [] appears to have started a thread named [DefaultQuartzScheduler_Worker-1] but has failed to stop it. This is very likely to create a memory leak.
26-Jun-2012 05:13:20 org.apache.catalina.loader.WebappClassLoader clearReferencesThreads
SEVERE: The web application [] appears to have started a thread named [DefaultQuartzScheduler_Worker-2] but has failed to stop it. This is very likely to create a memory leak.
26-Jun-2012 05:13:20 org.apache.catalina.loader.WebappClassLoader clearReferencesThreads
SEVERE: The web application [] appears to have started a thread named [DefaultQuartzScheduler_Worker-3] but has failed to stop it. This is very likely to create a memory leak.
26-Jun-2012 05:13:20 org.apache.catalina.loader.WebappClassLoader clearReferencesThreads
SEVERE: The web application [] appears to have started a thread named [DefaultQuartzScheduler_Worker-4] but has failed to stop it. This is very likely to create a memory leak.
26-Jun-2012 05:13:20 org.apache.coyote.AbstractProtocol stop
INFO: Stopping ProtocolHandler ["http-bio-8080"]
26-Jun-2012 05:13:20 org.apache.coyote.AbstractProtocol destroy
INFO: Destroying ProtocolHandler ["http-bio-8080"]
26-Jun-2012 05:13:25 org.apache.catalina.startup.Catalina initDirs
SEVERE: Cannot find specified temporary folder at /home/martin/forge/ctms_tc_base/temp
26-Jun-2012 05:13:26 org.apache.coyote.AbstractProtocol init
INFO: Initializing ProtocolHandler ["http-bio-8080"]
26-Jun-2012 05:13:26 org.apache.coyote.AbstractProtocol init
INFO: Initializing ProtocolHandler ["http-bio-8443"]
26-Jun-2012 05:13:26 org.apache.coyote.AbstractProtocol init
INFO: Initializing ProtocolHandler ["ajp-bio-8009"]
26-Jun-2012 05:13:26 org.apache.catalina.startup.Catalina load
INFO: Initialization processed in 1824 ms
26-Jun-2012 05:13:27 org.apache.catalina.core.StandardService startInternal
INFO: Starting service Catalina
26-Jun-2012 05:13:27 org.apache.catalina.core.StandardEngine startInternal
INFO: Starting Servlet Engine: Apache Tomcat/7.0.26
26-Jun-2012 05:13:27 org.apache.catalina.startup.HostConfig deployDescriptor
INFO: Deploying configuration descriptor /home/martin/forge/ctms_tc_base/conf/Catalina/localhost/ROOT.xml
26-Jun-2012 05:14:04 org.apache.coyote.AbstractProtocol start
INFO: Starting ProtocolHandler ["http-bio-8080"]
26-Jun-2012 05:14:04 org.apache.coyote.AbstractProtocol start
INFO: Starting ProtocolHandler ["http-bio-8443"]
26-Jun-2012 05:14:04 org.apache.coyote.AbstractProtocol start
INFO: Starting ProtocolHandler ["ajp-bio-8009"]
26-Jun-2012 05:14:05 org.apache.catalina.startup.Catalina start
INFO: Server startup in 38156 ms
26-Jun-2012 05:16:42 org.apache.catalina.core.StandardServer await
INFO: A valid shutdown command was received via the shutdown port. Stopping the Server instance.
26-Jun-2012 05:16:42 org.apache.coyote.AbstractProtocol pause
INFO: Pausing ProtocolHandler ["http-bio-8080"]
26-Jun-2012 05:16:42 org.apache.coyote.AbstractProtocol pause
INFO: Pausing ProtocolHandler ["http-bio-8443"]
26-Jun-2012 05:16:42 org.apache.coyote.AbstractProtocol pause
INFO: Pausing ProtocolHandler ["ajp-bio-8009"]
26-Jun-2012 05:16:42 org.apache.catalina.core.StandardService stopInternal
INFO: Stopping service Catalina
26-Jun-2012 05:16:42 org.apache.catalina.loader.WebappClassLoader clearReferencesJdbc
SEVERE: The web application [] registered the JDBC driver [org.logicalcobwebs.proxool.ProxoolDriver] but failed to unregister it when the web application was stopped. To prevent a memory leak, the JDBC Driver has been forcibly unregistered.
26-Jun-2012 05:16:42 org.apache.catalina.loader.WebappClassLoader clearReferencesJdbc
SEVERE: The web application [] registered the JDBC driver [com.mysql.jdbc.Driver] but failed to unregister it when the web application was stopped. To prevent a memory leak, the JDBC Driver has been forcibly unregistered.
26-Jun-2012 05:16:42 org.apache.catalina.loader.WebappClassLoader clearReferencesThreads
SEVERE: The web application [] appears to have started a thread named [HouseKeeper] but has failed to stop it. This is very likely to create a memory leak.
26-Jun-2012 05:16:42 org.apache.catalina.loader.WebappClassLoader clearReferencesThreads
SEVERE: The web application [] appears to have started a thread named [DefaultQuartzScheduler_Worker-1] but has failed to stop it. This is very likely to create a memory leak.
26-Jun-2012 05:16:42 org.apache.catalina.loader.WebappClassLoader clearReferencesThreads
SEVERE: The web application [] appears to have started a thread named [DefaultQuartzScheduler_Worker-2] but has failed to stop it. This is very likely to create a memory leak.
26-Jun-2012 05:16:42 org.apache.catalina.loader.WebappClassLoader clearReferencesThreads
SEVERE: The web application [] appears to have started a thread named [DefaultQuartzScheduler_Worker-3] but has failed to stop it. This is very likely to create a memory leak.
26-Jun-2012 05:16:42 org.apache.catalina.loader.WebappClassLoader clearReferencesThreads
SEVERE: The web application [] appears to have started a thread named [DefaultQuartzScheduler_Worker-4] but has failed to stop it. This is very likely to create a memory leak.
26-Jun-2012 05:16:42 org.apache.coyote.AbstractProtocol stop
INFO: Stopping ProtocolHandler ["http-bio-8080"]
26-Jun-2012 05:16:42 org.apache.coyote.AbstractProtocol stop
INFO: Stopping ProtocolHandler ["http-bio-8443"]
26-Jun-2012 05:16:42 org.apache.coyote.AbstractProtocol stop
INFO: Stopping ProtocolHandler ["ajp-bio-8009"]
26-Jun-2012 05:16:42 org.apache.coyote.AbstractProtocol destroy
INFO: Destroying ProtocolHandler ["http-bio-8080"]
26-Jun-2012 05:16:42 org.apache.coyote.AbstractProtocol destroy
INFO: Destroying ProtocolHandler ["http-bio-8443"]
26-Jun-2012 05:16:42 org.apache.coyote.AbstractProtocol destroy
INFO: Destroying ProtocolHandler ["ajp-bio-8009"]
26-Jun-2012 05:16:48 org.apache.catalina.startup.Catalina initDirs
SEVERE: Cannot find specified temporary folder at /home/martin/forge/ctms_tc_base/temp
26-Jun-2012 05:16:49 org.apache.coyote.AbstractProtocol init
INFO: Initializing ProtocolHandler ["http-bio-8080"]
26-Jun-2012 05:16:49 org.apache.coyote.AbstractProtocol init
INFO: Initializing ProtocolHandler ["http-bio-8443"]
26-Jun-2012 05:16:49 org.apache.coyote.AbstractProtocol init
INFO: Initializing ProtocolHandler ["ajp-bio-8009"]
26-Jun-2012 05:16:49 org.apache.catalina.startup.Catalina load
INFO: Initialization processed in 1912 ms
26-Jun-2012 05:16:49 org.apache.catalina.core.StandardService startInternal
INFO: Starting service Catalina
26-Jun-2012 05:16:49 org.apache.catalina.core.StandardEngine startInternal
INFO: Starting Servlet Engine: Apache Tomcat/7.0.26
26-Jun-2012 05:16:50 org.apache.catalina.startup.HostConfig deployDescriptor
INFO: Deploying configuration descriptor /home/martin/forge/ctms_tc_base/conf/Catalina/localhost/ROOT.xml
26-Jun-2012 05:17:31 org.apache.coyote.AbstractProtocol start
INFO: Starting ProtocolHandler ["http-bio-8080"]
26-Jun-2012 05:17:31 org.apache.coyote.AbstractProtocol start
INFO: Starting ProtocolHandler ["http-bio-8443"]
26-Jun-2012 05:17:31 org.apache.coyote.AbstractProtocol start
INFO: Starting ProtocolHandler ["ajp-bio-8009"]
26-Jun-2012 05:17:31 org.apache.catalina.startup.Catalina start
INFO: Server startup in 41991 ms
26-Jun-2012 05:19:47 org.apache.catalina.core.StandardServer await
INFO: A valid shutdown command was received via the shutdown port. Stopping the Server instance.
26-Jun-2012 05:19:47 org.apache.coyote.AbstractProtocol pause
INFO: Pausing ProtocolHandler ["http-bio-8080"]
26-Jun-2012 05:19:47 org.apache.coyote.AbstractProtocol pause
INFO: Pausing ProtocolHandler ["http-bio-8443"]
26-Jun-2012 05:19:47 org.apache.coyote.AbstractProtocol pause
INFO: Pausing ProtocolHandler ["ajp-bio-8009"]
26-Jun-2012 05:19:47 org.apache.catalina.core.StandardService stopInternal
INFO: Stopping service Catalina
26-Jun-2012 05:19:47 org.apache.catalina.loader.WebappClassLoader clearReferencesJdbc
SEVERE: The web application [] registered the JDBC driver [org.logicalcobwebs.proxool.ProxoolDriver] but failed to unregister it when the web application was stopped. To prevent a memory leak, the JDBC Driver has been forcibly unregistered.
26-Jun-2012 05:19:47 org.apache.catalina.loader.WebappClassLoader clearReferencesJdbc
SEVERE: The web application [] registered the JDBC driver [com.mysql.jdbc.Driver] but failed to unregister it when the web application was stopped. To prevent a memory leak, the JDBC Driver has been forcibly unregistered.
26-Jun-2012 05:19:47 org.apache.catalina.loader.WebappClassLoader clearReferencesThreads
SEVERE: The web application [] appears to have started a thread named [HouseKeeper] but has failed to stop it. This is very likely to create a memory leak.
26-Jun-2012 05:19:47 org.apache.catalina.loader.WebappClassLoader clearReferencesThreads
SEVERE: The web application [] appears to have started a thread named [DefaultQuartzScheduler_Worker-1] but has failed to stop it. This is very likely to create a memory leak.
26-Jun-2012 05:19:47 org.apache.catalina.loader.WebappClassLoader clearReferencesThreads
SEVERE: The web application [] appears to have started a thread named [DefaultQuartzScheduler_Worker-2] but has failed to stop it. This is very likely to create a memory leak.
26-Jun-2012 05:19:47 org.apache.catalina.loader.WebappClassLoader clearReferencesThreads
SEVERE: The web application [] appears to have started a thread named [DefaultQuartzScheduler_Worker-3] but has failed to stop it. This is very likely to create a memory leak.
26-Jun-2012 05:19:47 org.apache.catalina.loader.WebappClassLoader clearReferencesThreads
SEVERE: The web application [] appears to have started a thread named [DefaultQuartzScheduler_Worker-4] but has failed to stop it. This is very likely to create a memory leak.
26-Jun-2012 05:19:47 org.apache.coyote.AbstractProtocol stop
INFO: Stopping ProtocolHandler ["http-bio-8080"]
26-Jun-2012 05:19:47 org.apache.coyote.AbstractProtocol stop
INFO: Stopping ProtocolHandler ["http-bio-8443"]
26-Jun-2012 05:19:47 org.apache.coyote.AbstractProtocol stop
INFO: Stopping ProtocolHandler ["ajp-bio-8009"]
26-Jun-2012 05:19:47 org.apache.coyote.AbstractProtocol destroy
INFO: Destroying ProtocolHandler ["http-bio-8080"]
26-Jun-2012 05:19:47 org.apache.coyote.AbstractProtocol destroy
INFO: Destroying ProtocolHandler ["http-bio-8443"]
26-Jun-2012 05:19:47 org.apache.coyote.AbstractProtocol destroy
INFO: Destroying ProtocolHandler ["ajp-bio-8009"]
26-Jun-2012 05:19:51 org.apache.catalina.startup.Catalina initDirs
SEVERE: Cannot find specified temporary folder at /home/martin/forge/ctms_tc_base/temp
26-Jun-2012 05:19:52 org.apache.coyote.AbstractProtocol init
INFO: Initializing ProtocolHandler ["http-bio-8080"]
26-Jun-2012 05:19:52 org.apache.coyote.AbstractProtocol init
INFO: Initializing ProtocolHandler ["http-bio-8443"]
26-Jun-2012 05:19:52 org.apache.coyote.AbstractProtocol init
INFO: Initializing ProtocolHandler ["ajp-bio-8009"]
26-Jun-2012 05:19:52 org.apache.catalina.startup.Catalina load
INFO: Initialization processed in 1573 ms
26-Jun-2012 05:19:52 org.apache.catalina.core.StandardService startInternal
INFO: Starting service Catalina
26-Jun-2012 05:19:52 org.apache.catalina.core.StandardEngine startInternal
INFO: Starting Servlet Engine: Apache Tomcat/7.0.26
26-Jun-2012 05:19:52 org.apache.catalina.startup.HostConfig deployDescriptor
INFO: Deploying configuration descriptor /home/martin/forge/ctms_tc_base/conf/Catalina/localhost/ROOT.xml
26-Jun-2012 05:20:30 org.apache.coyote.AbstractProtocol start
INFO: Starting ProtocolHandler ["http-bio-8080"]
26-Jun-2012 05:20:30 org.apache.coyote.AbstractProtocol start
INFO: Starting ProtocolHandler ["http-bio-8443"]
26-Jun-2012 05:20:30 org.apache.coyote.AbstractProtocol start
INFO: Starting ProtocolHandler ["ajp-bio-8009"]
26-Jun-2012 05:20:30 org.apache.catalina.startup.Catalina start
INFO: Server startup in 37615 ms
Jun 26, 2012 11:45:44 AM org.apache.catalina.startup.Catalina initDirs
SEVERE: Cannot find specified temporary folder at /home/mmccann/forge/ctms_tc_base/temp
Jun 26, 2012 11:45:46 AM org.apache.coyote.AbstractProtocol init
INFO: Initializing ProtocolHandler ["http-bio-8080"]
Jun 26, 2012 11:45:46 AM org.apache.coyote.AbstractProtocol init
INFO: Initializing ProtocolHandler ["http-bio-8443"]
Jun 26, 2012 11:45:47 AM org.apache.coyote.AbstractProtocol init
INFO: Initializing ProtocolHandler ["ajp-bio-8009"]
Jun 26, 2012 11:45:47 AM org.apache.catalina.startup.Catalina load
INFO: Initialization processed in 2241 ms
Jun 26, 2012 11:45:47 AM org.apache.catalina.core.StandardService startInternal
INFO: Starting service Catalina
Jun 26, 2012 11:45:47 AM org.apache.catalina.core.StandardEngine startInternal
INFO: Starting Servlet Engine: Apache Tomcat/7.0.26
Jun 26, 2012 11:45:47 AM org.apache.catalina.startup.HostConfig deployDescriptor
INFO: Deploying configuration descriptor /home/mmccann/forge/ctms_tc_base/conf/Catalina/localhost/ROOT.xml
Jun 26, 2012 11:46:14 AM org.apache.coyote.AbstractProtocol start
INFO: Starting ProtocolHandler ["http-bio-8080"]
Jun 26, 2012 11:46:14 AM org.apache.coyote.AbstractProtocol start
INFO: Starting ProtocolHandler ["http-bio-8443"]
Jun 26, 2012 11:46:14 AM org.apache.coyote.AbstractProtocol start
INFO: Starting ProtocolHandler ["ajp-bio-8009"]
Jun 26, 2012 11:46:14 AM org.apache.catalina.startup.Catalina start
INFO: Server startup in 27973 ms
Jun 26, 2012 11:48:29 AM org.apache.catalina.core.StandardServer await
INFO: A valid shutdown command was received via the shutdown port. Stopping the Server instance.
Jun 26, 2012 11:48:29 AM org.apache.coyote.AbstractProtocol pause
INFO: Pausing ProtocolHandler ["http-bio-8080"]
Jun 26, 2012 11:48:29 AM org.apache.coyote.AbstractProtocol pause
INFO: Pausing ProtocolHandler ["http-bio-8443"]
Jun 26, 2012 11:48:29 AM org.apache.coyote.AbstractProtocol pause
INFO: Pausing ProtocolHandler ["ajp-bio-8009"]
Jun 26, 2012 11:48:29 AM org.apache.catalina.core.StandardService stopInternal
INFO: Stopping service Catalina
Jun 26, 2012 11:48:29 AM org.apache.catalina.loader.WebappClassLoader clearReferencesJdbc
SEVERE: The web application [] registered the JDBC driver [org.logicalcobwebs.proxool.ProxoolDriver] but failed to unregister it when the web application was stopped. To prevent a memory leak, the JDBC Driver has been forcibly unregistered.
Jun 26, 2012 11:48:29 AM org.apache.catalina.loader.WebappClassLoader clearReferencesJdbc
SEVERE: The web application [] registered the JDBC driver [com.mysql.jdbc.Driver] but failed to unregister it when the web application was stopped. To prevent a memory leak, the JDBC Driver has been forcibly unregistered.
Jun 26, 2012 11:48:29 AM org.apache.catalina.loader.WebappClassLoader clearReferencesThreads
SEVERE: The web application [] appears to have started a thread named [HouseKeeper] but has failed to stop it. This is very likely to create a memory leak.
Jun 26, 2012 11:48:29 AM org.apache.catalina.loader.WebappClassLoader clearReferencesThreads
SEVERE: The web application [] appears to have started a thread named [DefaultQuartzScheduler_Worker-1] but has failed to stop it. This is very likely to create a memory leak.
Jun 26, 2012 11:48:29 AM org.apache.catalina.loader.WebappClassLoader clearReferencesThreads
SEVERE: The web application [] appears to have started a thread named [DefaultQuartzScheduler_Worker-2] but has failed to stop it. This is very likely to create a memory leak.
Jun 26, 2012 11:48:29 AM org.apache.catalina.loader.WebappClassLoader clearReferencesThreads
SEVERE: The web application [] appears to have started a thread named [DefaultQuartzScheduler_Worker-3] but has failed to stop it. This is very likely to create a memory leak.
Jun 26, 2012 11:48:29 AM org.apache.catalina.loader.WebappClassLoader clearReferencesThreads
SEVERE: The web application [] appears to have started a thread named [DefaultQuartzScheduler_Worker-4] but has failed to stop it. This is very likely to create a memory leak.
Jun 26, 2012 11:48:29 AM org.apache.coyote.AbstractProtocol stop
INFO: Stopping ProtocolHandler ["http-bio-8080"]
Jun 26, 2012 11:48:29 AM org.apache.coyote.AbstractProtocol stop
INFO: Stopping ProtocolHandler ["http-bio-8443"]
Jun 26, 2012 11:48:29 AM org.apache.coyote.AbstractProtocol stop
INFO: Stopping ProtocolHandler ["ajp-bio-8009"]
Jun 26, 2012 11:48:29 AM org.apache.coyote.AbstractProtocol destroy
INFO: Destroying ProtocolHandler ["http-bio-8080"]
Jun 26, 2012 11:48:29 AM org.apache.coyote.AbstractProtocol destroy
INFO: Destroying ProtocolHandler ["http-bio-8443"]
Jun 26, 2012 11:48:29 AM org.apache.coyote.AbstractProtocol destroy
INFO: Destroying ProtocolHandler ["ajp-bio-8009"]
Jun 26, 2012 11:48:39 AM org.apache.catalina.startup.Catalina initDirs
SEVERE: Cannot find specified temporary folder at /home/mmccann/forge/ctms_tc_base/temp
Jun 26, 2012 11:48:43 AM org.apache.coyote.AbstractProtocol init
INFO: Initializing ProtocolHandler ["http-bio-8080"]
Jun 26, 2012 11:48:43 AM org.apache.coyote.AbstractProtocol init
INFO: Initializing ProtocolHandler ["http-bio-8443"]
Jun 26, 2012 11:48:44 AM org.apache.coyote.AbstractProtocol init
INFO: Initializing ProtocolHandler ["ajp-bio-8009"]
Jun 26, 2012 11:48:44 AM org.apache.catalina.startup.Catalina load
INFO: Initialization processed in 5450 ms
Jun 26, 2012 11:48:45 AM org.apache.catalina.core.StandardService startInternal
INFO: Starting service Catalina
Jun 26, 2012 11:48:45 AM org.apache.catalina.core.StandardEngine startInternal
INFO: Starting Servlet Engine: Apache Tomcat/7.0.26
Jun 26, 2012 11:48:45 AM org.apache.catalina.startup.HostConfig deployDescriptor
INFO: Deploying configuration descriptor /home/mmccann/forge/ctms_tc_base/conf/Catalina/localhost/ROOT.xml
Jun 26, 2012 11:49:09 AM org.apache.coyote.AbstractProtocol start
INFO: Starting ProtocolHandler ["http-bio-8080"]
Jun 26, 2012 11:49:09 AM org.apache.coyote.AbstractProtocol start
INFO: Starting ProtocolHandler ["http-bio-8443"]
Jun 26, 2012 11:49:09 AM org.apache.coyote.AbstractProtocol start
INFO: Starting ProtocolHandler ["ajp-bio-8009"]
Jun 26, 2012 11:49:09 AM org.apache.catalina.startup.Catalina start
INFO: Server startup in 25221 ms
Jun 26, 2012 11:55:00 AM org.apache.catalina.startup.HostConfig checkResources
INFO: Undeploying context []
Jun 26, 2012 11:55:00 AM org.apache.catalina.loader.WebappClassLoader clearReferencesJdbc
SEVERE: The web application [] registered the JDBC driver [org.logicalcobwebs.proxool.ProxoolDriver] but failed to unregister it when the web application was stopped. To prevent a memory leak, the JDBC Driver has been forcibly unregistered.
Jun 26, 2012 11:55:00 AM org.apache.catalina.loader.WebappClassLoader clearReferencesJdbc
SEVERE: The web application [] registered the JDBC driver [com.mysql.jdbc.Driver] but failed to unregister it when the web application was stopped. To prevent a memory leak, the JDBC Driver has been forcibly unregistered.
Jun 26, 2012 11:55:00 AM org.apache.catalina.loader.WebappClassLoader clearReferencesThreads
SEVERE: The web application [] appears to have started a thread named [HouseKeeper] but has failed to stop it. This is very likely to create a memory leak.
Jun 26, 2012 11:55:00 AM org.apache.catalina.loader.WebappClassLoader clearReferencesThreads
SEVERE: The web application [] appears to have started a thread named [DefaultQuartzScheduler_Worker-1] but has failed to stop it. This is very likely to create a memory leak.
Jun 26, 2012 11:55:00 AM org.apache.catalina.loader.WebappClassLoader clearReferencesThreads
SEVERE: The web application [] appears to have started a thread named [DefaultQuartzScheduler_Worker-2] but has failed to stop it. This is very likely to create a memory leak.
Jun 26, 2012 11:55:00 AM org.apache.catalina.loader.WebappClassLoader clearReferencesThreads
SEVERE: The web application [] appears to have started a thread named [DefaultQuartzScheduler_Worker-3] but has failed to stop it. This is very likely to create a memory leak.
Jun 26, 2012 11:55:00 AM org.apache.catalina.loader.WebappClassLoader clearReferencesThreads
SEVERE: The web application [] appears to have started a thread named [DefaultQuartzScheduler_Worker-4] but has failed to stop it. This is very likely to create a memory leak.
Jun 26, 2012 11:55:00 AM org.apache.catalina.startup.HostConfig deployDescriptor
INFO: Deploying configuration descriptor /home/mmccann/forge/ctms_tc_base/conf/Catalina/localhost/ROOT.xml
Jun 26, 2012 11:55:33 AM org.apache.catalina.core.StandardServer await
INFO: A valid shutdown command was received via the shutdown port. Stopping the Server instance.
Jun 26, 2012 11:55:33 AM org.apache.coyote.AbstractProtocol pause
INFO: Pausing ProtocolHandler ["http-bio-8080"]
Jun 26, 2012 11:55:33 AM org.apache.coyote.AbstractProtocol pause
INFO: Pausing ProtocolHandler ["http-bio-8443"]
Jun 26, 2012 11:55:33 AM org.apache.coyote.AbstractProtocol pause
INFO: Pausing ProtocolHandler ["ajp-bio-8009"]
Jun 26, 2012 11:55:33 AM org.apache.catalina.core.StandardService stopInternal
INFO: Stopping service Catalina
Jun 26, 2012 11:55:33 AM org.apache.catalina.startup.HostConfig deployDescriptors
SEVERE: Error waiting for multi-thread deployment of context descriptors to complete
java.lang.InterruptedException
	at java.util.concurrent.locks.AbstractQueuedSynchronizer.doAcquireSharedInterruptibly(AbstractQueuedSynchronizer.java:1000)
	at java.util.concurrent.locks.AbstractQueuedSynchronizer.acquireSharedInterruptibly(AbstractQueuedSynchronizer.java:1304)
	at java.util.concurrent.FutureTask$Sync.innerGet(FutureTask.java:248)
	at java.util.concurrent.FutureTask.get(FutureTask.java:111)
	at org.apache.catalina.startup.HostConfig.deployDescriptors(HostConfig.java:573)
	at org.apache.catalina.startup.HostConfig.deployApps(HostConfig.java:469)
	at org.apache.catalina.startup.HostConfig.check(HostConfig.java:1453)
	at org.apache.catalina.startup.HostConfig.lifecycleEvent(HostConfig.java:295)
	at org.apache.catalina.util.LifecycleSupport.fireLifecycleEvent(LifecycleSupport.java:119)
	at org.apache.catalina.util.LifecycleBase.fireLifecycleEvent(LifecycleBase.java:90)
	at org.apache.catalina.core.ContainerBase.backgroundProcess(ContainerBase.java:1379)
	at org.apache.catalina.core.ContainerBase$ContainerBackgroundProcessor.processChildren(ContainerBase.java:1537)
	at org.apache.catalina.core.ContainerBase$ContainerBackgroundProcessor.processChildren(ContainerBase.java:1547)
	at org.apache.catalina.core.ContainerBase$ContainerBackgroundProcessor.run(ContainerBase.java:1526)
	at java.lang.Thread.run(Thread.java:679)
Jun 26, 2012 11:55:33 AM org.apache.catalina.loader.WebappClassLoader clearReferencesJdbc
SEVERE: The web application [] registered the JDBC driver [org.logicalcobwebs.proxool.ProxoolDriver] but failed to unregister it when the web application was stopped. To prevent a memory leak, the JDBC Driver has been forcibly unregistered.
Jun 26, 2012 11:55:33 AM org.apache.catalina.loader.WebappClassLoader clearReferencesJdbc
SEVERE: The web application [] registered the JDBC driver [com.mysql.jdbc.Driver] but failed to unregister it when the web application was stopped. To prevent a memory leak, the JDBC Driver has been forcibly unregistered.
Jun 26, 2012 11:55:33 AM org.apache.catalina.loader.WebappClassLoader clearReferencesThreads
SEVERE: The web application [] appears to have started a thread named [HouseKeeper] but has failed to stop it. This is very likely to create a memory leak.
Jun 26, 2012 11:55:33 AM org.apache.catalina.loader.WebappClassLoader clearReferencesThreads
SEVERE: The web application [] appears to have started a thread named [DefaultQuartzScheduler_Worker-1] but has failed to stop it. This is very likely to create a memory leak.
Jun 26, 2012 11:55:33 AM org.apache.catalina.loader.WebappClassLoader clearReferencesThreads
SEVERE: The web application [] appears to have started a thread named [DefaultQuartzScheduler_Worker-2] but has failed to stop it. This is very likely to create a memory leak.
Jun 26, 2012 11:55:33 AM org.apache.catalina.loader.WebappClassLoader clearReferencesThreads
SEVERE: The web application [] appears to have started a thread named [DefaultQuartzScheduler_Worker-3] but has failed to stop it. This is very likely to create a memory leak.
Jun 26, 2012 11:55:33 AM org.apache.catalina.loader.WebappClassLoader clearReferencesThreads
SEVERE: The web application [] appears to have started a thread named [DefaultQuartzScheduler_Worker-4] but has failed to stop it. This is very likely to create a memory leak.
Jun 26, 2012 11:55:33 AM org.apache.coyote.AbstractProtocol stop
INFO: Stopping ProtocolHandler ["http-bio-8080"]
Jun 26, 2012 11:55:33 AM org.apache.coyote.AbstractProtocol stop
INFO: Stopping ProtocolHandler ["http-bio-8443"]
Jun 26, 2012 11:55:33 AM org.apache.coyote.AbstractProtocol stop
INFO: Stopping ProtocolHandler ["ajp-bio-8009"]
Jun 26, 2012 11:55:33 AM org.apache.coyote.AbstractProtocol destroy
INFO: Destroying ProtocolHandler ["http-bio-8080"]
Jun 26, 2012 11:55:33 AM org.apache.coyote.AbstractProtocol destroy
INFO: Destroying ProtocolHandler ["http-bio-8443"]
Jun 26, 2012 11:55:33 AM org.apache.coyote.AbstractProtocol destroy
INFO: Destroying ProtocolHandler ["ajp-bio-8009"]
Jun 26, 2012 11:55:37 AM org.apache.catalina.startup.Catalina initDirs
SEVERE: Cannot find specified temporary folder at /home/mmccann/forge/ctms_tc_base/temp
Jun 26, 2012 11:55:39 AM org.apache.coyote.AbstractProtocol init
INFO: Initializing ProtocolHandler ["http-bio-8080"]
Jun 26, 2012 11:55:39 AM org.apache.coyote.AbstractProtocol init
INFO: Initializing ProtocolHandler ["http-bio-8443"]
Jun 26, 2012 11:55:39 AM org.apache.coyote.AbstractProtocol init
INFO: Initializing ProtocolHandler ["ajp-bio-8009"]
Jun 26, 2012 11:55:39 AM org.apache.catalina.startup.Catalina load
INFO: Initialization processed in 2215 ms
Jun 26, 2012 11:55:39 AM org.apache.catalina.core.StandardService startInternal
INFO: Starting service Catalina
Jun 26, 2012 11:55:39 AM org.apache.catalina.core.StandardEngine startInternal
INFO: Starting Servlet Engine: Apache Tomcat/7.0.26
Jun 26, 2012 11:55:39 AM org.apache.catalina.startup.HostConfig deployDescriptor
INFO: Deploying configuration descriptor /home/mmccann/forge/ctms_tc_base/conf/Catalina/localhost/ROOT.xml
Jun 26, 2012 11:55:55 AM org.apache.coyote.AbstractProtocol start
INFO: Starting ProtocolHandler ["http-bio-8080"]
Jun 26, 2012 11:55:55 AM org.apache.coyote.AbstractProtocol start
INFO: Starting ProtocolHandler ["http-bio-8443"]
Jun 26, 2012 11:55:55 AM org.apache.coyote.AbstractProtocol start
INFO: Starting ProtocolHandler ["ajp-bio-8009"]
Jun 26, 2012 11:55:55 AM org.apache.catalina.startup.Catalina start
INFO: Server startup in 16250 ms
Jun 26, 2012 12:21:40 PM org.apache.catalina.core.StandardServer await
INFO: A valid shutdown command was received via the shutdown port. Stopping the Server instance.
Jun 26, 2012 12:21:40 PM org.apache.coyote.AbstractProtocol pause
INFO: Pausing ProtocolHandler ["http-bio-8080"]
Jun 26, 2012 12:21:40 PM org.apache.coyote.AbstractProtocol pause
INFO: Pausing ProtocolHandler ["http-bio-8443"]
Jun 26, 2012 12:21:40 PM org.apache.coyote.AbstractProtocol pause
INFO: Pausing ProtocolHandler ["ajp-bio-8009"]
Jun 26, 2012 12:21:40 PM org.apache.catalina.core.StandardService stopInternal
INFO: Stopping service Catalina
Jun 26, 2012 12:21:40 PM org.apache.catalina.loader.WebappClassLoader clearReferencesJdbc
SEVERE: The web application [] registered the JDBC driver [org.logicalcobwebs.proxool.ProxoolDriver] but failed to unregister it when the web application was stopped. To prevent a memory leak, the JDBC Driver has been forcibly unregistered.
Jun 26, 2012 12:21:40 PM org.apache.catalina.loader.WebappClassLoader clearReferencesJdbc
SEVERE: The web application [] registered the JDBC driver [com.mysql.jdbc.Driver] but failed to unregister it when the web application was stopped. To prevent a memory leak, the JDBC Driver has been forcibly unregistered.
Jun 26, 2012 12:21:40 PM org.apache.catalina.loader.WebappClassLoader clearReferencesThreads
SEVERE: The web application [] appears to have started a thread named [HouseKeeper] but has failed to stop it. This is very likely to create a memory leak.
Jun 26, 2012 12:21:40 PM org.apache.catalina.loader.WebappClassLoader clearReferencesThreads
SEVERE: The web application [] appears to have started a thread named [DefaultQuartzScheduler_Worker-1] but has failed to stop it. This is very likely to create a memory leak.
Jun 26, 2012 12:21:40 PM org.apache.catalina.loader.WebappClassLoader clearReferencesThreads
SEVERE: The web application [] appears to have started a thread named [DefaultQuartzScheduler_Worker-2] but has failed to stop it. This is very likely to create a memory leak.
Jun 26, 2012 12:21:40 PM org.apache.catalina.loader.WebappClassLoader clearReferencesThreads
SEVERE: The web application [] appears to have started a thread named [DefaultQuartzScheduler_Worker-3] but has failed to stop it. This is very likely to create a memory leak.
Jun 26, 2012 12:21:40 PM org.apache.catalina.loader.WebappClassLoader clearReferencesThreads
SEVERE: The web application [] appears to have started a thread named [DefaultQuartzScheduler_Worker-4] but has failed to stop it. This is very likely to create a memory leak.
Jun 26, 2012 12:21:40 PM org.apache.coyote.AbstractProtocol stop
INFO: Stopping ProtocolHandler ["http-bio-8080"]
Jun 26, 2012 12:21:40 PM org.apache.coyote.AbstractProtocol stop
INFO: Stopping ProtocolHandler ["http-bio-8443"]
Jun 26, 2012 12:21:40 PM org.apache.coyote.AbstractProtocol stop
INFO: Stopping ProtocolHandler ["ajp-bio-8009"]
Jun 26, 2012 12:21:40 PM org.apache.coyote.AbstractProtocol destroy
INFO: Destroying ProtocolHandler ["http-bio-8080"]
Jun 26, 2012 12:21:40 PM org.apache.coyote.AbstractProtocol destroy
INFO: Destroying ProtocolHandler ["http-bio-8443"]
Jun 26, 2012 12:21:40 PM org.apache.coyote.AbstractProtocol destroy
INFO: Destroying ProtocolHandler ["ajp-bio-8009"]
Jun 26, 2012 12:21:44 PM org.apache.catalina.startup.Catalina initDirs
SEVERE: Cannot find specified temporary folder at /home/mmccann/forge/ctms_tc_base/temp
Jun 26, 2012 12:21:46 PM org.apache.coyote.AbstractProtocol init
INFO: Initializing ProtocolHandler ["http-bio-8080"]
Jun 26, 2012 12:21:46 PM org.apache.coyote.AbstractProtocol init
INFO: Initializing ProtocolHandler ["http-bio-8443"]
Jun 26, 2012 12:21:46 PM org.apache.coyote.AbstractProtocol init
INFO: Initializing ProtocolHandler ["ajp-bio-8009"]
Jun 26, 2012 12:21:46 PM org.apache.catalina.startup.Catalina load
INFO: Initialization processed in 2549 ms
Jun 26, 2012 12:21:46 PM org.apache.catalina.core.StandardService startInternal
INFO: Starting service Catalina
Jun 26, 2012 12:21:46 PM org.apache.catalina.core.StandardEngine startInternal
INFO: Starting Servlet Engine: Apache Tomcat/7.0.26
Jun 26, 2012 12:21:46 PM org.apache.catalina.startup.HostConfig deployDescriptor
INFO: Deploying configuration descriptor /home/mmccann/forge/ctms_tc_base/conf/Catalina/localhost/ROOT.xml
Jun 26, 2012 12:22:03 PM org.apache.coyote.AbstractProtocol start
INFO: Starting ProtocolHandler ["http-bio-8080"]
Jun 26, 2012 12:22:03 PM org.apache.coyote.AbstractProtocol start
INFO: Starting ProtocolHandler ["http-bio-8443"]
Jun 26, 2012 12:22:03 PM org.apache.coyote.AbstractProtocol start
INFO: Starting ProtocolHandler ["ajp-bio-8009"]
Jun 26, 2012 12:22:03 PM org.apache.catalina.startup.Catalina start
INFO: Server startup in 16866 ms
Jun 26, 2012 3:04:27 PM org.apache.catalina.core.StandardServer await
INFO: A valid shutdown command was received via the shutdown port. Stopping the Server instance.
Jun 26, 2012 3:04:27 PM org.apache.coyote.AbstractProtocol pause
INFO: Pausing ProtocolHandler ["http-bio-8080"]
Jun 26, 2012 3:04:27 PM org.apache.coyote.AbstractProtocol pause
INFO: Pausing ProtocolHandler ["http-bio-8443"]
Jun 26, 2012 3:04:27 PM org.apache.coyote.AbstractProtocol pause
INFO: Pausing ProtocolHandler ["ajp-bio-8009"]
Jun 26, 2012 3:04:27 PM org.apache.catalina.core.StandardService stopInternal
INFO: Stopping service Catalina
Jun 26, 2012 3:04:27 PM org.apache.catalina.loader.WebappClassLoader clearReferencesJdbc
SEVERE: The web application [] registered the JDBC driver [org.logicalcobwebs.proxool.ProxoolDriver] but failed to unregister it when the web application was stopped. To prevent a memory leak, the JDBC Driver has been forcibly unregistered.
Jun 26, 2012 3:04:27 PM org.apache.catalina.loader.WebappClassLoader clearReferencesJdbc
SEVERE: The web application [] registered the JDBC driver [com.mysql.jdbc.Driver] but failed to unregister it when the web application was stopped. To prevent a memory leak, the JDBC Driver has been forcibly unregistered.
Jun 26, 2012 3:04:27 PM org.apache.catalina.loader.WebappClassLoader clearReferencesThreads
SEVERE: The web application [] appears to have started a thread named [HouseKeeper] but has failed to stop it. This is very likely to create a memory leak.
Jun 26, 2012 3:04:27 PM org.apache.coyote.AbstractProtocol stop
INFO: Stopping ProtocolHandler ["http-bio-8080"]
Jun 26, 2012 3:04:27 PM org.apache.coyote.AbstractProtocol stop
INFO: Stopping ProtocolHandler ["http-bio-8443"]
Jun 26, 2012 3:04:27 PM org.apache.coyote.AbstractProtocol stop
INFO: Stopping ProtocolHandler ["ajp-bio-8009"]
Jun 26, 2012 3:04:27 PM org.apache.coyote.AbstractProtocol destroy
INFO: Destroying ProtocolHandler ["http-bio-8080"]
Jun 26, 2012 3:04:27 PM org.apache.coyote.AbstractProtocol destroy
INFO: Destroying ProtocolHandler ["http-bio-8443"]
Jun 26, 2012 3:04:27 PM org.apache.coyote.AbstractProtocol destroy
INFO: Destroying ProtocolHandler ["ajp-bio-8009"]
Jun 26, 2012 3:04:32 PM org.apache.catalina.startup.Catalina initDirs
SEVERE: Cannot find specified temporary folder at /home/mmccann/forge/ctms_tc_base/temp
Jun 26, 2012 3:04:34 PM org.apache.coyote.AbstractProtocol init
INFO: Initializing ProtocolHandler ["http-bio-8080"]
Jun 26, 2012 3:04:34 PM org.apache.coyote.AbstractProtocol init
INFO: Initializing ProtocolHandler ["http-bio-8443"]
Jun 26, 2012 3:04:34 PM org.apache.coyote.AbstractProtocol init
INFO: Initializing ProtocolHandler ["ajp-bio-8009"]
Jun 26, 2012 3:04:34 PM org.apache.catalina.startup.Catalina load
INFO: Initialization processed in 2751 ms
Jun 26, 2012 3:04:35 PM org.apache.catalina.core.StandardService startInternal
INFO: Starting service Catalina
Jun 26, 2012 3:04:35 PM org.apache.catalina.core.StandardEngine startInternal
INFO: Starting Servlet Engine: Apache Tomcat/7.0.26
Jun 26, 2012 3:04:35 PM org.apache.catalina.startup.HostConfig deployDescriptor
INFO: Deploying configuration descriptor /home/mmccann/forge/ctms_tc_base/conf/Catalina/localhost/ROOT.xml
Jun 26, 2012 3:04:57 PM org.apache.coyote.AbstractProtocol start
INFO: Starting ProtocolHandler ["http-bio-8080"]
Jun 26, 2012 3:04:57 PM org.apache.coyote.AbstractProtocol start
INFO: Starting ProtocolHandler ["http-bio-8443"]
Jun 26, 2012 3:04:57 PM org.apache.coyote.AbstractProtocol start
INFO: Starting ProtocolHandler ["ajp-bio-8009"]
Jun 26, 2012 3:04:57 PM org.apache.catalina.startup.Catalina start
INFO: Server startup in 22645 ms
Jun 26, 2012 3:15:55 PM org.apache.catalina.core.StandardServer await
INFO: A valid shutdown command was received via the shutdown port. Stopping the Server instance.
Jun 26, 2012 3:15:55 PM org.apache.coyote.AbstractProtocol pause
INFO: Pausing ProtocolHandler ["http-bio-8080"]
Jun 26, 2012 3:15:55 PM org.apache.coyote.AbstractProtocol pause
INFO: Pausing ProtocolHandler ["http-bio-8443"]
Jun 26, 2012 3:15:55 PM org.apache.coyote.AbstractProtocol pause
INFO: Pausing ProtocolHandler ["ajp-bio-8009"]
Jun 26, 2012 3:15:55 PM org.apache.catalina.core.StandardService stopInternal
INFO: Stopping service Catalina
Jun 26, 2012 3:15:55 PM org.apache.catalina.loader.WebappClassLoader clearReferencesJdbc
SEVERE: The web application [] registered the JDBC driver [org.logicalcobwebs.proxool.ProxoolDriver] but failed to unregister it when the web application was stopped. To prevent a memory leak, the JDBC Driver has been forcibly unregistered.
Jun 26, 2012 3:15:55 PM org.apache.catalina.loader.WebappClassLoader clearReferencesJdbc
SEVERE: The web application [] registered the JDBC driver [com.mysql.jdbc.Driver] but failed to unregister it when the web application was stopped. To prevent a memory leak, the JDBC Driver has been forcibly unregistered.
Jun 26, 2012 3:15:55 PM org.apache.catalina.loader.WebappClassLoader clearReferencesThreads
SEVERE: The web application [] appears to have started a thread named [HouseKeeper] but has failed to stop it. This is very likely to create a memory leak.
Jun 26, 2012 3:15:55 PM org.apache.catalina.loader.WebappClassLoader clearReferencesThreads
SEVERE: The web application [] appears to have started a thread named [DefaultQuartzScheduler_Worker-1] but has failed to stop it. This is very likely to create a memory leak.
Jun 26, 2012 3:15:55 PM org.apache.catalina.loader.WebappClassLoader clearReferencesThreads
SEVERE: The web application [] appears to have started a thread named [DefaultQuartzScheduler_Worker-2] but has failed to stop it. This is very likely to create a memory leak.
Jun 26, 2012 3:15:55 PM org.apache.catalina.loader.WebappClassLoader clearReferencesThreads
SEVERE: The web application [] appears to have started a thread named [DefaultQuartzScheduler_Worker-3] but has failed to stop it. This is very likely to create a memory leak.
Jun 26, 2012 3:15:55 PM org.apache.catalina.loader.WebappClassLoader clearReferencesThreads
SEVERE: The web application [] appears to have started a thread named [DefaultQuartzScheduler_Worker-4] but has failed to stop it. This is very likely to create a memory leak.
Jun 26, 2012 3:15:55 PM org.apache.coyote.AbstractProtocol stop
INFO: Stopping ProtocolHandler ["http-bio-8080"]
Jun 26, 2012 3:15:55 PM org.apache.coyote.AbstractProtocol stop
INFO: Stopping ProtocolHandler ["http-bio-8443"]
Jun 26, 2012 3:15:55 PM org.apache.coyote.AbstractProtocol stop
INFO: Stopping ProtocolHandler ["ajp-bio-8009"]
Jun 26, 2012 3:15:55 PM org.apache.coyote.AbstractProtocol destroy
INFO: Destroying ProtocolHandler ["http-bio-8080"]
Jun 26, 2012 3:15:55 PM org.apache.coyote.AbstractProtocol destroy
INFO: Destroying ProtocolHandler ["http-bio-8443"]
Jun 26, 2012 3:15:55 PM org.apache.coyote.AbstractProtocol destroy
INFO: Destroying ProtocolHandler ["ajp-bio-8009"]
Jun 26, 2012 3:16:00 PM org.apache.catalina.startup.Catalina initDirs
SEVERE: Cannot find specified temporary folder at /home/mmccann/forge/ctms_tc_base/temp
Jun 26, 2012 3:16:01 PM org.apache.coyote.AbstractProtocol init
INFO: Initializing ProtocolHandler ["http-bio-8080"]
Jun 26, 2012 3:16:01 PM org.apache.coyote.AbstractProtocol init
INFO: Initializing ProtocolHandler ["http-bio-8443"]
Jun 26, 2012 3:16:01 PM org.apache.coyote.AbstractProtocol init
INFO: Initializing ProtocolHandler ["ajp-bio-8009"]
Jun 26, 2012 3:16:01 PM org.apache.catalina.startup.Catalina load
INFO: Initialization processed in 1423 ms
Jun 26, 2012 3:16:01 PM org.apache.catalina.core.StandardService startInternal
INFO: Starting service Catalina
Jun 26, 2012 3:16:01 PM org.apache.catalina.core.StandardEngine startInternal
INFO: Starting Servlet Engine: Apache Tomcat/7.0.26
Jun 26, 2012 3:16:01 PM org.apache.catalina.startup.HostConfig deployDescriptor
INFO: Deploying configuration descriptor /home/mmccann/forge/ctms_tc_base/conf/Catalina/localhost/ROOT.xml
Jun 26, 2012 3:16:11 PM org.apache.coyote.AbstractProtocol start
INFO: Starting ProtocolHandler ["http-bio-8080"]
Jun 26, 2012 3:16:11 PM org.apache.coyote.AbstractProtocol start
INFO: Starting ProtocolHandler ["http-bio-8443"]
Jun 26, 2012 3:16:11 PM org.apache.coyote.AbstractProtocol start
INFO: Starting ProtocolHandler ["ajp-bio-8009"]
Jun 26, 2012 3:16:11 PM org.apache.catalina.startup.Catalina start
INFO: Server startup in 9612 ms
Jun 26, 2012 3:18:25 PM org.apache.catalina.core.StandardServer await
INFO: A valid shutdown command was received via the shutdown port. Stopping the Server instance.
Jun 26, 2012 3:18:25 PM org.apache.coyote.AbstractProtocol pause
INFO: Pausing ProtocolHandler ["http-bio-8080"]
Jun 26, 2012 3:18:25 PM org.apache.coyote.AbstractProtocol pause
INFO: Pausing ProtocolHandler ["http-bio-8443"]
Jun 26, 2012 3:18:25 PM org.apache.coyote.AbstractProtocol pause
INFO: Pausing ProtocolHandler ["ajp-bio-8009"]
Jun 26, 2012 3:18:25 PM org.apache.catalina.core.StandardService stopInternal
INFO: Stopping service Catalina
Jun 26, 2012 3:18:25 PM org.apache.catalina.loader.WebappClassLoader clearReferencesJdbc
SEVERE: The web application [] registered the JDBC driver [org.logicalcobwebs.proxool.ProxoolDriver] but failed to unregister it when the web application was stopped. To prevent a memory leak, the JDBC Driver has been forcibly unregistered.
Jun 26, 2012 3:18:25 PM org.apache.catalina.loader.WebappClassLoader clearReferencesJdbc
SEVERE: The web application [] registered the JDBC driver [com.mysql.jdbc.Driver] but failed to unregister it when the web application was stopped. To prevent a memory leak, the JDBC Driver has been forcibly unregistered.
Jun 26, 2012 3:18:25 PM org.apache.catalina.loader.WebappClassLoader clearReferencesThreads
SEVERE: The web application [] appears to have started a thread named [HouseKeeper] but has failed to stop it. This is very likely to create a memory leak.
Jun 26, 2012 3:18:25 PM org.apache.coyote.AbstractProtocol stop
INFO: Stopping ProtocolHandler ["http-bio-8080"]
Jun 26, 2012 3:18:25 PM org.apache.coyote.AbstractProtocol stop
INFO: Stopping ProtocolHandler ["http-bio-8443"]
Jun 26, 2012 3:18:25 PM org.apache.coyote.AbstractProtocol stop
INFO: Stopping ProtocolHandler ["ajp-bio-8009"]
Jun 26, 2012 3:18:25 PM org.apache.coyote.AbstractProtocol destroy
INFO: Destroying ProtocolHandler ["http-bio-8080"]
Jun 26, 2012 3:18:25 PM org.apache.coyote.AbstractProtocol destroy
INFO: Destroying ProtocolHandler ["http-bio-8443"]
Jun 26, 2012 3:18:25 PM org.apache.coyote.AbstractProtocol destroy
INFO: Destroying ProtocolHandler ["ajp-bio-8009"]
Jun 26, 2012 3:18:32 PM org.apache.catalina.startup.Catalina initDirs
SEVERE: Cannot find specified temporary folder at /home/mmccann/forge/ctms_tc_base/temp
Jun 26, 2012 3:18:33 PM org.apache.coyote.AbstractProtocol init
INFO: Initializing ProtocolHandler ["http-bio-8080"]
Jun 26, 2012 3:18:33 PM org.apache.coyote.AbstractProtocol init
INFO: Initializing ProtocolHandler ["http-bio-8443"]
Jun 26, 2012 3:18:33 PM org.apache.coyote.AbstractProtocol init
INFO: Initializing ProtocolHandler ["ajp-bio-8009"]
Jun 26, 2012 3:18:33 PM org.apache.catalina.startup.Catalina load
INFO: Initialization processed in 885 ms
Jun 26, 2012 3:18:33 PM org.apache.catalina.core.StandardService startInternal
INFO: Starting service Catalina
Jun 26, 2012 3:18:33 PM org.apache.catalina.core.StandardEngine startInternal
INFO: Starting Servlet Engine: Apache Tomcat/7.0.26
Jun 26, 2012 3:18:33 PM org.apache.catalina.startup.HostConfig deployDescriptor
INFO: Deploying configuration descriptor /home/mmccann/forge/ctms_tc_base/conf/Catalina/localhost/ROOT.xml
Jun 26, 2012 3:18:42 PM org.apache.coyote.AbstractProtocol start
INFO: Starting ProtocolHandler ["http-bio-8080"]
Jun 26, 2012 3:18:42 PM org.apache.coyote.AbstractProtocol start
INFO: Starting ProtocolHandler ["http-bio-8443"]
Jun 26, 2012 3:18:42 PM org.apache.coyote.AbstractProtocol start
INFO: Starting ProtocolHandler ["ajp-bio-8009"]
Jun 26, 2012 3:18:42 PM org.apache.catalina.startup.Catalina start
INFO: Server startup in 9084 ms
Jun 26, 2012 3:19:14 PM org.apache.coyote.AbstractProtocol pause
INFO: Pausing ProtocolHandler ["http-bio-8080"]
Jun 26, 2012 3:19:14 PM org.apache.coyote.AbstractProtocol pause
INFO: Pausing ProtocolHandler ["http-bio-8443"]
Jun 26, 2012 3:19:14 PM org.apache.coyote.AbstractProtocol pause
INFO: Pausing ProtocolHandler ["ajp-bio-8009"]
Jun 26, 2012 3:19:14 PM org.apache.catalina.core.StandardService stopInternal
INFO: Stopping service Catalina
Jun 26, 2012 3:19:14 PM org.apache.catalina.loader.WebappClassLoader clearReferencesJdbc
SEVERE: The web application [] registered the JDBC driver [org.logicalcobwebs.proxool.ProxoolDriver] but failed to unregister it when the web application was stopped. To prevent a memory leak, the JDBC Driver has been forcibly unregistered.
Jun 26, 2012 3:19:14 PM org.apache.catalina.loader.WebappClassLoader clearReferencesJdbc
SEVERE: The web application [] registered the JDBC driver [com.mysql.jdbc.Driver] but failed to unregister it when the web application was stopped. To prevent a memory leak, the JDBC Driver has been forcibly unregistered.
Jun 26, 2012 3:19:14 PM org.apache.catalina.loader.WebappClassLoader clearReferencesThreads
SEVERE: The web application [] appears to have started a thread named [HouseKeeper] but has failed to stop it. This is very likely to create a memory leak.
Jun 26, 2012 3:19:14 PM org.apache.catalina.loader.WebappClassLoader clearReferencesThreads
SEVERE: The web application [] appears to have started a thread named [DefaultQuartzScheduler_Worker-1] but has failed to stop it. This is very likely to create a memory leak.
Jun 26, 2012 3:19:14 PM org.apache.catalina.loader.WebappClassLoader clearReferencesThreads
SEVERE: The web application [] appears to have started a thread named [DefaultQuartzScheduler_Worker-2] but has failed to stop it. This is very likely to create a memory leak.
Jun 26, 2012 3:19:14 PM org.apache.catalina.loader.WebappClassLoader clearReferencesThreads
SEVERE: The web application [] appears to have started a thread named [DefaultQuartzScheduler_Worker-3] but has failed to stop it. This is very likely to create a memory leak.
Jun 26, 2012 3:19:14 PM org.apache.catalina.loader.WebappClassLoader clearReferencesThreads
SEVERE: The web application [] appears to have started a thread named [DefaultQuartzScheduler_Worker-4] but has failed to stop it. This is very likely to create a memory leak.
Jun 26, 2012 3:19:14 PM org.apache.coyote.AbstractProtocol stop
INFO: Stopping ProtocolHandler ["http-bio-8080"]
Jun 26, 2012 3:19:14 PM org.apache.coyote.AbstractProtocol stop
INFO: Stopping ProtocolHandler ["http-bio-8443"]
Jun 26, 2012 3:19:14 PM org.apache.coyote.AbstractProtocol stop
INFO: Stopping ProtocolHandler ["ajp-bio-8009"]
Jun 26, 2012 3:19:14 PM org.apache.coyote.AbstractProtocol destroy
INFO: Destroying ProtocolHandler ["http-bio-8080"]
Jun 26, 2012 3:19:14 PM org.apache.coyote.AbstractProtocol destroy
INFO: Destroying ProtocolHandler ["http-bio-8443"]
Jun 26, 2012 3:19:14 PM org.apache.coyote.AbstractProtocol destroy
INFO: Destroying ProtocolHandler ["ajp-bio-8009"]
Jun 26, 2012 3:19:20 PM org.apache.catalina.startup.Catalina initDirs
SEVERE: Cannot find specified temporary folder at /home/mmccann/forge/ctms_tc_base/temp
Jun 26, 2012 3:19:21 PM org.apache.coyote.AbstractProtocol init
INFO: Initializing ProtocolHandler ["http-bio-8080"]
Jun 26, 2012 3:19:21 PM org.apache.coyote.AbstractProtocol init
INFO: Initializing ProtocolHandler ["http-bio-8443"]
Jun 26, 2012 3:19:21 PM org.apache.coyote.AbstractProtocol init
INFO: Initializing ProtocolHandler ["ajp-bio-8009"]
Jun 26, 2012 3:19:21 PM org.apache.catalina.startup.Catalina load
INFO: Initialization processed in 672 ms
Jun 26, 2012 3:19:21 PM org.apache.catalina.core.StandardService startInternal
INFO: Starting service Catalina
Jun 26, 2012 3:19:21 PM org.apache.catalina.core.StandardEngine startInternal
INFO: Starting Servlet Engine: Apache Tomcat/7.0.26
Jun 26, 2012 3:19:21 PM org.apache.catalina.startup.HostConfig deployDescriptor
INFO: Deploying configuration descriptor /home/mmccann/forge/ctms_tc_base/conf/Catalina/localhost/ROOT.xml
Jun 26, 2012 3:19:24 PM org.apache.catalina.util.SessionIdGenerator createSecureRandom
INFO: Creation of SecureRandom instance for session ID generation using [SHA1PRNG] took [2,719] milliseconds.
Jun 26, 2012 3:19:31 PM org.apache.coyote.AbstractProtocol start
INFO: Starting ProtocolHandler ["http-bio-8080"]
Jun 26, 2012 3:19:31 PM org.apache.coyote.AbstractProtocol start
INFO: Starting ProtocolHandler ["http-bio-8443"]
Jun 26, 2012 3:19:31 PM org.apache.coyote.AbstractProtocol start
INFO: Starting ProtocolHandler ["ajp-bio-8009"]
Jun 26, 2012 3:19:31 PM org.apache.catalina.startup.Catalina start
INFO: Server startup in 10665 ms
Jun 26, 2012 4:08:44 PM org.apache.catalina.core.StandardServer await
INFO: A valid shutdown command was received via the shutdown port. Stopping the Server instance.
Jun 26, 2012 4:08:44 PM org.apache.coyote.AbstractProtocol pause
INFO: Pausing ProtocolHandler ["http-bio-8080"]
Jun 26, 2012 4:08:44 PM org.apache.coyote.AbstractProtocol pause
INFO: Pausing ProtocolHandler ["http-bio-8443"]
Jun 26, 2012 4:08:44 PM org.apache.coyote.AbstractProtocol pause
INFO: Pausing ProtocolHandler ["ajp-bio-8009"]
Jun 26, 2012 4:08:44 PM org.apache.catalina.core.StandardService stopInternal
INFO: Stopping service Catalina
Jun 26, 2012 4:08:46 PM org.apache.catalina.loader.WebappClassLoader clearReferencesJdbc
SEVERE: The web application [] registered the JDBC driver [org.logicalcobwebs.proxool.ProxoolDriver] but failed to unregister it when the web application was stopped. To prevent a memory leak, the JDBC Driver has been forcibly unregistered.
Jun 26, 2012 4:08:46 PM org.apache.catalina.loader.WebappClassLoader clearReferencesJdbc
SEVERE: The web application [] registered the JDBC driver [com.mysql.jdbc.Driver] but failed to unregister it when the web application was stopped. To prevent a memory leak, the JDBC Driver has been forcibly unregistered.
Jun 26, 2012 4:08:46 PM org.apache.catalina.loader.WebappClassLoader clearReferencesThreads
SEVERE: The web application [] appears to have started a thread named [HouseKeeper] but has failed to stop it. This is very likely to create a memory leak.
Jun 26, 2012 4:08:46 PM org.apache.coyote.AbstractProtocol stop
INFO: Stopping ProtocolHandler ["http-bio-8080"]
Jun 26, 2012 4:08:46 PM org.apache.coyote.AbstractProtocol stop
INFO: Stopping ProtocolHandler ["http-bio-8443"]
Jun 26, 2012 4:08:46 PM org.apache.coyote.AbstractProtocol stop
INFO: Stopping ProtocolHandler ["ajp-bio-8009"]
Jun 26, 2012 4:08:46 PM org.apache.coyote.AbstractProtocol destroy
INFO: Destroying ProtocolHandler ["http-bio-8080"]
Jun 26, 2012 4:08:46 PM org.apache.coyote.AbstractProtocol destroy
INFO: Destroying ProtocolHandler ["http-bio-8443"]
Jun 26, 2012 4:08:46 PM org.apache.coyote.AbstractProtocol destroy
INFO: Destroying ProtocolHandler ["ajp-bio-8009"]
Jun 26, 2012 4:10:00 PM org.apache.catalina.startup.Catalina initDirs
SEVERE: Cannot find specified temporary folder at /home/mmccann/forge/ctms_tc_base/temp
Jun 26, 2012 4:10:01 PM org.apache.coyote.AbstractProtocol init
INFO: Initializing ProtocolHandler ["http-bio-8080"]
Jun 26, 2012 4:10:01 PM org.apache.coyote.AbstractProtocol init
INFO: Initializing ProtocolHandler ["http-bio-8443"]
Jun 26, 2012 4:10:02 PM org.apache.coyote.AbstractProtocol init
INFO: Initializing ProtocolHandler ["ajp-bio-8009"]
Jun 26, 2012 4:10:02 PM org.apache.catalina.startup.Catalina load
INFO: Initialization processed in 2097 ms
Jun 26, 2012 4:10:02 PM org.apache.catalina.core.StandardService startInternal
INFO: Starting service Catalina
Jun 26, 2012 4:10:02 PM org.apache.catalina.core.StandardEngine startInternal
INFO: Starting Servlet Engine: Apache Tomcat/7.0.26
Jun 26, 2012 4:10:02 PM org.apache.catalina.startup.HostConfig deployDescriptor
INFO: Deploying configuration descriptor /home/mmccann/forge/ctms_tc_base/conf/Catalina/localhost/ROOT.xml
Jun 26, 2012 4:10:12 PM org.apache.coyote.AbstractProtocol start
INFO: Starting ProtocolHandler ["http-bio-8080"]
Jun 26, 2012 4:10:13 PM org.apache.coyote.AbstractProtocol start
INFO: Starting ProtocolHandler ["http-bio-8443"]
Jun 26, 2012 4:10:13 PM org.apache.coyote.AbstractProtocol start
INFO: Starting ProtocolHandler ["ajp-bio-8009"]
Jun 26, 2012 4:10:13 PM org.apache.catalina.startup.Catalina start
INFO: Server startup in 10887 ms
Jun 26, 2012 4:11:05 PM org.apache.coyote.AbstractProtocol pause
INFO: Pausing ProtocolHandler ["http-bio-8080"]
Jun 26, 2012 4:11:05 PM org.apache.coyote.AbstractProtocol pause
INFO: Pausing ProtocolHandler ["http-bio-8443"]
Jun 26, 2012 4:11:05 PM org.apache.coyote.AbstractProtocol pause
INFO: Pausing ProtocolHandler ["ajp-bio-8009"]
Jun 26, 2012 4:11:05 PM org.apache.catalina.core.StandardService stopInternal
INFO: Stopping service Catalina
Jun 26, 2012 4:11:05 PM org.apache.catalina.loader.WebappClassLoader clearReferencesJdbc
SEVERE: The web application [] registered the JDBC driver [org.logicalcobwebs.proxool.ProxoolDriver] but failed to unregister it when the web application was stopped. To prevent a memory leak, the JDBC Driver has been forcibly unregistered.
Jun 26, 2012 4:11:05 PM org.apache.catalina.loader.WebappClassLoader clearReferencesJdbc
SEVERE: The web application [] registered the JDBC driver [com.mysql.jdbc.Driver] but failed to unregister it when the web application was stopped. To prevent a memory leak, the JDBC Driver has been forcibly unregistered.
Jun 26, 2012 4:11:05 PM org.apache.catalina.loader.WebappClassLoader clearReferencesThreads
SEVERE: The web application [] appears to have started a thread named [HouseKeeper] but has failed to stop it. This is very likely to create a memory leak.
Jun 26, 2012 4:11:05 PM org.apache.catalina.loader.WebappClassLoader clearReferencesThreads
SEVERE: The web application [] appears to have started a thread named [DefaultQuartzScheduler_Worker-1] but has failed to stop it. This is very likely to create a memory leak.
Jun 26, 2012 4:11:05 PM org.apache.catalina.loader.WebappClassLoader clearReferencesThreads
SEVERE: The web application [] appears to have started a thread named [DefaultQuartzScheduler_Worker-2] but has failed to stop it. This is very likely to create a memory leak.
Jun 26, 2012 4:11:05 PM org.apache.catalina.loader.WebappClassLoader clearReferencesThreads
SEVERE: The web application [] appears to have started a thread named [DefaultQuartzScheduler_Worker-3] but has failed to stop it. This is very likely to create a memory leak.
Jun 26, 2012 4:11:05 PM org.apache.catalina.loader.WebappClassLoader clearReferencesThreads
SEVERE: The web application [] appears to have started a thread named [DefaultQuartzScheduler_Worker-4] but has failed to stop it. This is very likely to create a memory leak.
Jun 26, 2012 4:11:05 PM org.apache.coyote.AbstractProtocol stop
INFO: Stopping ProtocolHandler ["http-bio-8080"]
Jun 26, 2012 4:11:05 PM org.apache.coyote.AbstractProtocol stop
INFO: Stopping ProtocolHandler ["http-bio-8443"]
Jun 26, 2012 4:11:05 PM org.apache.coyote.AbstractProtocol stop
INFO: Stopping ProtocolHandler ["ajp-bio-8009"]
Jun 26, 2012 4:11:05 PM org.apache.coyote.AbstractProtocol destroy
INFO: Destroying ProtocolHandler ["http-bio-8080"]
Jun 26, 2012 4:11:05 PM org.apache.coyote.AbstractProtocol destroy
INFO: Destroying ProtocolHandler ["http-bio-8443"]
Jun 26, 2012 4:11:05 PM org.apache.coyote.AbstractProtocol destroy
INFO: Destroying ProtocolHandler ["ajp-bio-8009"]
Jun 26, 2012 4:11:17 PM org.apache.catalina.startup.Catalina initDirs
SEVERE: Cannot find specified temporary folder at /home/mmccann/forge/ctms_tc_base/temp
Jun 26, 2012 4:11:18 PM org.apache.coyote.AbstractProtocol init
INFO: Initializing ProtocolHandler ["http-bio-8080"]
Jun 26, 2012 4:11:18 PM org.apache.coyote.AbstractProtocol init
INFO: Initializing ProtocolHandler ["http-bio-8443"]
Jun 26, 2012 4:11:18 PM org.apache.coyote.AbstractProtocol init
INFO: Initializing ProtocolHandler ["ajp-bio-8009"]
Jun 26, 2012 4:11:18 PM org.apache.catalina.startup.Catalina load
INFO: Initialization processed in 682 ms
Jun 26, 2012 4:11:18 PM org.apache.catalina.core.StandardService startInternal
INFO: Starting service Catalina
Jun 26, 2012 4:11:18 PM org.apache.catalina.core.StandardEngine startInternal
INFO: Starting Servlet Engine: Apache Tomcat/7.0.26
Jun 26, 2012 4:11:18 PM org.apache.catalina.startup.HostConfig deployDescriptor
INFO: Deploying configuration descriptor /home/mmccann/forge/ctms_tc_base/conf/Catalina/localhost/ROOT.xml
Jun 26, 2012 4:11:26 PM org.apache.coyote.AbstractProtocol start
INFO: Starting ProtocolHandler ["http-bio-8080"]
Jun 26, 2012 4:11:26 PM org.apache.coyote.AbstractProtocol start
INFO: Starting ProtocolHandler ["http-bio-8443"]
Jun 26, 2012 4:11:26 PM org.apache.coyote.AbstractProtocol start
INFO: Starting ProtocolHandler ["ajp-bio-8009"]
Jun 26, 2012 4:11:26 PM org.apache.catalina.startup.Catalina start
INFO: Server startup in 8714 ms
Jun 26, 2012 4:17:08 PM org.apache.catalina.core.StandardServer await
INFO: A valid shutdown command was received via the shutdown port. Stopping the Server instance.
Jun 26, 2012 4:17:08 PM org.apache.coyote.AbstractProtocol pause
INFO: Pausing ProtocolHandler ["http-bio-8080"]
Jun 26, 2012 4:17:08 PM org.apache.coyote.AbstractProtocol pause
INFO: Pausing ProtocolHandler ["http-bio-8443"]
Jun 26, 2012 4:17:08 PM org.apache.coyote.AbstractProtocol pause
INFO: Pausing ProtocolHandler ["ajp-bio-8009"]
Jun 26, 2012 4:17:08 PM org.apache.catalina.core.StandardService stopInternal
INFO: Stopping service Catalina
Jun 26, 2012 4:17:08 PM org.apache.catalina.loader.WebappClassLoader clearReferencesJdbc
SEVERE: The web application [] registered the JDBC driver [org.logicalcobwebs.proxool.ProxoolDriver] but failed to unregister it when the web application was stopped. To prevent a memory leak, the JDBC Driver has been forcibly unregistered.
Jun 26, 2012 4:17:08 PM org.apache.catalina.loader.WebappClassLoader clearReferencesJdbc
SEVERE: The web application [] registered the JDBC driver [com.mysql.jdbc.Driver] but failed to unregister it when the web application was stopped. To prevent a memory leak, the JDBC Driver has been forcibly unregistered.
Jun 26, 2012 4:17:08 PM org.apache.catalina.loader.WebappClassLoader clearReferencesThreads
SEVERE: The web application [] appears to have started a thread named [HouseKeeper] but has failed to stop it. This is very likely to create a memory leak.
Jun 26, 2012 4:17:08 PM org.apache.catalina.loader.WebappClassLoader clearReferencesThreads
SEVERE: The web application [] appears to have started a thread named [DefaultQuartzScheduler_Worker-1] but has failed to stop it. This is very likely to create a memory leak.
Jun 26, 2012 4:17:08 PM org.apache.catalina.loader.WebappClassLoader clearReferencesThreads
SEVERE: The web application [] appears to have started a thread named [DefaultQuartzScheduler_Worker-2] but has failed to stop it. This is very likely to create a memory leak.
Jun 26, 2012 4:17:08 PM org.apache.catalina.loader.WebappClassLoader clearReferencesThreads
SEVERE: The web application [] appears to have started a thread named [DefaultQuartzScheduler_Worker-3] but has failed to stop it. This is very likely to create a memory leak.
Jun 26, 2012 4:17:08 PM org.apache.catalina.loader.WebappClassLoader clearReferencesThreads
SEVERE: The web application [] appears to have started a thread named [DefaultQuartzScheduler_Worker-4] but has failed to stop it. This is very likely to create a memory leak.
Jun 26, 2012 4:17:08 PM org.apache.coyote.AbstractProtocol stop
INFO: Stopping ProtocolHandler ["http-bio-8080"]
Jun 26, 2012 4:17:08 PM org.apache.coyote.AbstractProtocol stop
INFO: Stopping ProtocolHandler ["http-bio-8443"]
Jun 26, 2012 4:17:08 PM org.apache.coyote.AbstractProtocol stop
INFO: Stopping ProtocolHandler ["ajp-bio-8009"]
Jun 26, 2012 4:17:08 PM org.apache.coyote.AbstractProtocol destroy
INFO: Destroying ProtocolHandler ["http-bio-8080"]
Jun 26, 2012 4:17:08 PM org.apache.coyote.AbstractProtocol destroy
INFO: Destroying ProtocolHandler ["http-bio-8443"]
Jun 26, 2012 4:17:08 PM org.apache.coyote.AbstractProtocol destroy
INFO: Destroying ProtocolHandler ["ajp-bio-8009"]
Jun 26, 2012 4:18:19 PM org.apache.catalina.startup.Catalina initDirs
SEVERE: Cannot find specified temporary folder at /home/mmccann/forge/ctms_tc_base/temp
Jun 26, 2012 4:18:19 PM org.apache.coyote.AbstractProtocol init
INFO: Initializing ProtocolHandler ["http-bio-8080"]
Jun 26, 2012 4:18:19 PM org.apache.coyote.AbstractProtocol init
INFO: Initializing ProtocolHandler ["http-bio-8443"]
Jun 26, 2012 4:18:19 PM org.apache.coyote.AbstractProtocol init
INFO: Initializing ProtocolHandler ["ajp-bio-8009"]
Jun 26, 2012 4:18:19 PM org.apache.catalina.startup.Catalina load
INFO: Initialization processed in 720 ms
Jun 26, 2012 4:18:19 PM org.apache.catalina.core.StandardService startInternal
INFO: Starting service Catalina
Jun 26, 2012 4:18:19 PM org.apache.catalina.core.StandardEngine startInternal
INFO: Starting Servlet Engine: Apache Tomcat/7.0.26
Jun 26, 2012 4:18:19 PM org.apache.catalina.startup.HostConfig deployDescriptor
INFO: Deploying configuration descriptor /home/mmccann/forge/ctms_tc_base/conf/Catalina/localhost/ROOT.xml
Jun 26, 2012 4:18:24 PM org.apache.catalina.util.SessionIdGenerator createSecureRandom
INFO: Creation of SecureRandom instance for session ID generation using [SHA1PRNG] took [4,168] milliseconds.
Jun 26, 2012 4:18:32 PM org.apache.coyote.AbstractProtocol start
INFO: Starting ProtocolHandler ["http-bio-8080"]
Jun 26, 2012 4:18:32 PM org.apache.coyote.AbstractProtocol start
INFO: Starting ProtocolHandler ["http-bio-8443"]
Jun 26, 2012 4:18:32 PM org.apache.coyote.AbstractProtocol start
INFO: Starting ProtocolHandler ["ajp-bio-8009"]
Jun 26, 2012 4:18:32 PM org.apache.catalina.startup.Catalina start
INFO: Server startup in 12366 ms
Jun 26, 2012 4:19:06 PM org.apache.catalina.core.StandardServer await
INFO: A valid shutdown command was received via the shutdown port. Stopping the Server instance.
Jun 26, 2012 4:19:06 PM org.apache.coyote.AbstractProtocol pause
INFO: Pausing ProtocolHandler ["http-bio-8080"]
Jun 26, 2012 4:19:06 PM org.apache.coyote.AbstractProtocol pause
INFO: Pausing ProtocolHandler ["http-bio-8443"]
Jun 26, 2012 4:19:06 PM org.apache.coyote.AbstractProtocol pause
INFO: Pausing ProtocolHandler ["ajp-bio-8009"]
Jun 26, 2012 4:19:06 PM org.apache.catalina.core.StandardService stopInternal
INFO: Stopping service Catalina
Jun 26, 2012 4:19:06 PM org.apache.catalina.loader.WebappClassLoader clearReferencesJdbc
SEVERE: The web application [] registered the JDBC driver [org.logicalcobwebs.proxool.ProxoolDriver] but failed to unregister it when the web application was stopped. To prevent a memory leak, the JDBC Driver has been forcibly unregistered.
Jun 26, 2012 4:19:06 PM org.apache.catalina.loader.WebappClassLoader clearReferencesJdbc
SEVERE: The web application [] registered the JDBC driver [com.mysql.jdbc.Driver] but failed to unregister it when the web application was stopped. To prevent a memory leak, the JDBC Driver has been forcibly unregistered.
Jun 26, 2012 4:19:06 PM org.apache.catalina.loader.WebappClassLoader clearReferencesThreads
SEVERE: The web application [] appears to have started a thread named [HouseKeeper] but has failed to stop it. This is very likely to create a memory leak.
Jun 26, 2012 4:19:06 PM org.apache.catalina.loader.WebappClassLoader clearReferencesThreads
SEVERE: The web application [] appears to have started a thread named [DefaultQuartzScheduler_Worker-1] but has failed to stop it. This is very likely to create a memory leak.
Jun 26, 2012 4:19:06 PM org.apache.catalina.loader.WebappClassLoader clearReferencesThreads
SEVERE: The web application [] appears to have started a thread named [DefaultQuartzScheduler_Worker-2] but has failed to stop it. This is very likely to create a memory leak.
Jun 26, 2012 4:19:06 PM org.apache.catalina.loader.WebappClassLoader clearReferencesThreads
SEVERE: The web application [] appears to have started a thread named [DefaultQuartzScheduler_Worker-3] but has failed to stop it. This is very likely to create a memory leak.
Jun 26, 2012 4:19:06 PM org.apache.catalina.loader.WebappClassLoader clearReferencesThreads
SEVERE: The web application [] appears to have started a thread named [DefaultQuartzScheduler_Worker-4] but has failed to stop it. This is very likely to create a memory leak.
Jun 26, 2012 4:19:06 PM org.apache.coyote.AbstractProtocol stop
INFO: Stopping ProtocolHandler ["http-bio-8080"]
Jun 26, 2012 4:19:06 PM org.apache.coyote.AbstractProtocol stop
INFO: Stopping ProtocolHandler ["http-bio-8443"]
Jun 26, 2012 4:19:06 PM org.apache.coyote.AbstractProtocol stop
INFO: Stopping ProtocolHandler ["ajp-bio-8009"]
Jun 26, 2012 4:19:06 PM org.apache.coyote.AbstractProtocol destroy
INFO: Destroying ProtocolHandler ["http-bio-8080"]
Jun 26, 2012 4:19:06 PM org.apache.coyote.AbstractProtocol destroy
INFO: Destroying ProtocolHandler ["http-bio-8443"]
Jun 26, 2012 4:19:06 PM org.apache.coyote.AbstractProtocol destroy
INFO: Destroying ProtocolHandler ["ajp-bio-8009"]
Jun 26, 2012 4:19:10 PM org.apache.catalina.startup.Catalina initDirs
SEVERE: Cannot find specified temporary folder at /home/mmccann/forge/ctms_tc_base/temp
Jun 26, 2012 4:19:10 PM org.apache.coyote.AbstractProtocol init
INFO: Initializing ProtocolHandler ["http-bio-8080"]
Jun 26, 2012 4:19:10 PM org.apache.coyote.AbstractProtocol init
INFO: Initializing ProtocolHandler ["http-bio-8443"]
Jun 26, 2012 4:19:10 PM org.apache.coyote.AbstractProtocol init
INFO: Initializing ProtocolHandler ["ajp-bio-8009"]
Jun 26, 2012 4:19:10 PM org.apache.catalina.startup.Catalina load
INFO: Initialization processed in 714 ms
Jun 26, 2012 4:19:10 PM org.apache.catalina.core.StandardService startInternal
INFO: Starting service Catalina
Jun 26, 2012 4:19:10 PM org.apache.catalina.core.StandardEngine startInternal
INFO: Starting Servlet Engine: Apache Tomcat/7.0.26
Jun 26, 2012 4:19:10 PM org.apache.catalina.startup.HostConfig deployDescriptor
INFO: Deploying configuration descriptor /home/mmccann/forge/ctms_tc_base/conf/Catalina/localhost/ROOT.xml
Jun 26, 2012 4:19:19 PM org.apache.coyote.AbstractProtocol start
INFO: Starting ProtocolHandler ["http-bio-8080"]
Jun 26, 2012 4:19:19 PM org.apache.coyote.AbstractProtocol start
INFO: Starting ProtocolHandler ["http-bio-8443"]
Jun 26, 2012 4:19:19 PM org.apache.coyote.AbstractProtocol start
INFO: Starting ProtocolHandler ["ajp-bio-8009"]
Jun 26, 2012 4:19:19 PM org.apache.catalina.startup.Catalina start
INFO: Server startup in 8457 ms
Jun 26, 2012 4:19:51 PM org.apache.catalina.core.StandardServer await
INFO: A valid shutdown command was received via the shutdown port. Stopping the Server instance.
Jun 26, 2012 4:19:51 PM org.apache.coyote.AbstractProtocol pause
INFO: Pausing ProtocolHandler ["http-bio-8080"]
Jun 26, 2012 4:19:51 PM org.apache.coyote.AbstractProtocol pause
INFO: Pausing ProtocolHandler ["http-bio-8443"]
Jun 26, 2012 4:19:51 PM org.apache.coyote.AbstractProtocol pause
INFO: Pausing ProtocolHandler ["ajp-bio-8009"]
Jun 26, 2012 4:19:51 PM org.apache.catalina.core.StandardService stopInternal
INFO: Stopping service Catalina
Jun 26, 2012 4:19:51 PM org.apache.catalina.loader.WebappClassLoader clearReferencesJdbc
SEVERE: The web application [] registered the JDBC driver [org.logicalcobwebs.proxool.ProxoolDriver] but failed to unregister it when the web application was stopped. To prevent a memory leak, the JDBC Driver has been forcibly unregistered.
Jun 26, 2012 4:19:51 PM org.apache.catalina.loader.WebappClassLoader clearReferencesJdbc
SEVERE: The web application [] registered the JDBC driver [com.mysql.jdbc.Driver] but failed to unregister it when the web application was stopped. To prevent a memory leak, the JDBC Driver has been forcibly unregistered.
Jun 26, 2012 4:19:51 PM org.apache.catalina.loader.WebappClassLoader clearReferencesThreads
SEVERE: The web application [] appears to have started a thread named [HouseKeeper] but has failed to stop it. This is very likely to create a memory leak.
Jun 26, 2012 4:19:51 PM org.apache.catalina.loader.WebappClassLoader clearReferencesThreads
SEVERE: The web application [] appears to have started a thread named [DefaultQuartzScheduler_Worker-1] but has failed to stop it. This is very likely to create a memory leak.
Jun 26, 2012 4:19:51 PM org.apache.catalina.loader.WebappClassLoader clearReferencesThreads
SEVERE: The web application [] appears to have started a thread named [DefaultQuartzScheduler_Worker-2] but has failed to stop it. This is very likely to create a memory leak.
Jun 26, 2012 4:19:51 PM org.apache.catalina.loader.WebappClassLoader clearReferencesThreads
SEVERE: The web application [] appears to have started a thread named [DefaultQuartzScheduler_Worker-3] but has failed to stop it. This is very likely to create a memory leak.
Jun 26, 2012 4:19:51 PM org.apache.catalina.loader.WebappClassLoader clearReferencesThreads
SEVERE: The web application [] appears to have started a thread named [DefaultQuartzScheduler_Worker-4] but has failed to stop it. This is very likely to create a memory leak.
Jun 26, 2012 4:19:51 PM org.apache.coyote.AbstractProtocol stop
INFO: Stopping ProtocolHandler ["http-bio-8080"]
Jun 26, 2012 4:19:51 PM org.apache.coyote.AbstractProtocol stop
INFO: Stopping ProtocolHandler ["http-bio-8443"]
Jun 26, 2012 4:19:51 PM org.apache.coyote.AbstractProtocol stop
INFO: Stopping ProtocolHandler ["ajp-bio-8009"]
Jun 26, 2012 4:19:51 PM org.apache.coyote.AbstractProtocol destroy
INFO: Destroying ProtocolHandler ["http-bio-8080"]
Jun 26, 2012 4:19:51 PM org.apache.coyote.AbstractProtocol destroy
INFO: Destroying ProtocolHandler ["http-bio-8443"]
Jun 26, 2012 4:19:51 PM org.apache.coyote.AbstractProtocol destroy
INFO: Destroying ProtocolHandler ["ajp-bio-8009"]
Jun 26, 2012 4:19:55 PM org.apache.catalina.startup.Catalina initDirs
SEVERE: Cannot find specified temporary folder at /home/mmccann/forge/ctms_tc_base/temp
Jun 26, 2012 4:19:56 PM org.apache.coyote.AbstractProtocol init
INFO: Initializing ProtocolHandler ["http-bio-8080"]
Jun 26, 2012 4:19:56 PM org.apache.coyote.AbstractProtocol init
INFO: Initializing ProtocolHandler ["http-bio-8443"]
Jun 26, 2012 4:19:56 PM org.apache.coyote.AbstractProtocol init
INFO: Initializing ProtocolHandler ["ajp-bio-8009"]
Jun 26, 2012 4:19:56 PM org.apache.catalina.startup.Catalina load
INFO: Initialization processed in 665 ms
Jun 26, 2012 4:19:56 PM org.apache.catalina.core.StandardService startInternal
INFO: Starting service Catalina
Jun 26, 2012 4:19:56 PM org.apache.catalina.core.StandardEngine startInternal
INFO: Starting Servlet Engine: Apache Tomcat/7.0.26
Jun 26, 2012 4:19:56 PM org.apache.catalina.startup.HostConfig deployDescriptor
INFO: Deploying configuration descriptor /home/mmccann/forge/ctms_tc_base/conf/Catalina/localhost/ROOT.xml
Jun 26, 2012 4:20:04 PM org.apache.coyote.AbstractProtocol start
INFO: Starting ProtocolHandler ["http-bio-8080"]
Jun 26, 2012 4:20:04 PM org.apache.coyote.AbstractProtocol start
INFO: Starting ProtocolHandler ["http-bio-8443"]
Jun 26, 2012 4:20:04 PM org.apache.coyote.AbstractProtocol start
INFO: Starting ProtocolHandler ["ajp-bio-8009"]
Jun 26, 2012 4:20:04 PM org.apache.catalina.startup.Catalina start
INFO: Server startup in 8109 ms
Jun 26, 2012 4:21:31 PM org.apache.catalina.core.StandardServer await
INFO: A valid shutdown command was received via the shutdown port. Stopping the Server instance.
Jun 26, 2012 4:21:31 PM org.apache.coyote.AbstractProtocol pause
INFO: Pausing ProtocolHandler ["http-bio-8080"]
Jun 26, 2012 4:21:31 PM org.apache.coyote.AbstractProtocol pause
INFO: Pausing ProtocolHandler ["http-bio-8443"]
Jun 26, 2012 4:21:31 PM org.apache.coyote.AbstractProtocol pause
INFO: Pausing ProtocolHandler ["ajp-bio-8009"]
Jun 26, 2012 4:21:31 PM org.apache.catalina.core.StandardService stopInternal
INFO: Stopping service Catalina
Jun 26, 2012 4:21:31 PM org.apache.catalina.loader.WebappClassLoader clearReferencesJdbc
SEVERE: The web application [] registered the JDBC driver [org.logicalcobwebs.proxool.ProxoolDriver] but failed to unregister it when the web application was stopped. To prevent a memory leak, the JDBC Driver has been forcibly unregistered.
Jun 26, 2012 4:21:31 PM org.apache.catalina.loader.WebappClassLoader clearReferencesJdbc
SEVERE: The web application [] registered the JDBC driver [com.mysql.jdbc.Driver] but failed to unregister it when the web application was stopped. To prevent a memory leak, the JDBC Driver has been forcibly unregistered.
Jun 26, 2012 4:21:31 PM org.apache.catalina.loader.WebappClassLoader clearReferencesThreads
SEVERE: The web application [] appears to have started a thread named [HouseKeeper] but has failed to stop it. This is very likely to create a memory leak.
Jun 26, 2012 4:21:31 PM org.apache.catalina.loader.WebappClassLoader clearReferencesThreads
SEVERE: The web application [] appears to have started a thread named [DefaultQuartzScheduler_Worker-1] but has failed to stop it. This is very likely to create a memory leak.
Jun 26, 2012 4:21:31 PM org.apache.catalina.loader.WebappClassLoader clearReferencesThreads
SEVERE: The web application [] appears to have started a thread named [DefaultQuartzScheduler_Worker-2] but has failed to stop it. This is very likely to create a memory leak.
Jun 26, 2012 4:21:31 PM org.apache.catalina.loader.WebappClassLoader clearReferencesThreads
SEVERE: The web application [] appears to have started a thread named [DefaultQuartzScheduler_Worker-3] but has failed to stop it. This is very likely to create a memory leak.
Jun 26, 2012 4:21:31 PM org.apache.catalina.loader.WebappClassLoader clearReferencesThreads
SEVERE: The web application [] appears to have started a thread named [DefaultQuartzScheduler_Worker-4] but has failed to stop it. This is very likely to create a memory leak.
Jun 26, 2012 4:21:31 PM org.apache.coyote.AbstractProtocol stop
INFO: Stopping ProtocolHandler ["http-bio-8080"]
Jun 26, 2012 4:21:31 PM org.apache.coyote.AbstractProtocol stop
INFO: Stopping ProtocolHandler ["http-bio-8443"]
Jun 26, 2012 4:21:31 PM org.apache.coyote.AbstractProtocol stop
INFO: Stopping ProtocolHandler ["ajp-bio-8009"]
Jun 26, 2012 4:21:31 PM org.apache.coyote.AbstractProtocol destroy
INFO: Destroying ProtocolHandler ["http-bio-8080"]
Jun 26, 2012 4:21:31 PM org.apache.coyote.AbstractProtocol destroy
INFO: Destroying ProtocolHandler ["http-bio-8443"]
Jun 26, 2012 4:21:31 PM org.apache.coyote.AbstractProtocol destroy
INFO: Destroying ProtocolHandler ["ajp-bio-8009"]
Jun 26, 2012 4:21:39 PM org.apache.catalina.startup.Catalina initDirs
SEVERE: Cannot find specified temporary folder at /home/mmccann/forge/ctms_tc_base/temp
Jun 26, 2012 4:21:39 PM org.apache.coyote.AbstractProtocol init
INFO: Initializing ProtocolHandler ["http-bio-8080"]
Jun 26, 2012 4:21:39 PM org.apache.coyote.AbstractProtocol init
INFO: Initializing ProtocolHandler ["http-bio-8443"]
Jun 26, 2012 4:21:40 PM org.apache.coyote.AbstractProtocol init
INFO: Initializing ProtocolHandler ["ajp-bio-8009"]
Jun 26, 2012 4:21:40 PM org.apache.catalina.startup.Catalina load
INFO: Initialization processed in 787 ms
Jun 26, 2012 4:21:40 PM org.apache.catalina.core.StandardService startInternal
INFO: Starting service Catalina
Jun 26, 2012 4:21:40 PM org.apache.catalina.core.StandardEngine startInternal
INFO: Starting Servlet Engine: Apache Tomcat/7.0.26
Jun 26, 2012 4:21:40 PM org.apache.catalina.startup.HostConfig deployDescriptor
INFO: Deploying configuration descriptor /home/mmccann/forge/ctms_tc_base/conf/Catalina/localhost/ROOT.xml
Jun 26, 2012 4:21:43 PM org.apache.catalina.util.SessionIdGenerator createSecureRandom
INFO: Creation of SecureRandom instance for session ID generation using [SHA1PRNG] took [2,958] milliseconds.
Jun 26, 2012 4:21:51 PM org.apache.coyote.AbstractProtocol start
INFO: Starting ProtocolHandler ["http-bio-8080"]
Jun 26, 2012 4:21:51 PM org.apache.coyote.AbstractProtocol start
INFO: Starting ProtocolHandler ["http-bio-8443"]
Jun 26, 2012 4:21:51 PM org.apache.coyote.AbstractProtocol start
INFO: Starting ProtocolHandler ["ajp-bio-8009"]
Jun 26, 2012 4:21:51 PM org.apache.catalina.startup.Catalina start
INFO: Server startup in 11121 ms
Jun 26, 2012 4:22:21 PM org.apache.catalina.core.StandardServer await
INFO: A valid shutdown command was received via the shutdown port. Stopping the Server instance.
Jun 26, 2012 4:22:21 PM org.apache.coyote.AbstractProtocol pause
INFO: Pausing ProtocolHandler ["http-bio-8080"]
Jun 26, 2012 4:22:21 PM org.apache.coyote.AbstractProtocol pause
INFO: Pausing ProtocolHandler ["http-bio-8443"]
Jun 26, 2012 4:22:21 PM org.apache.coyote.AbstractProtocol pause
INFO: Pausing ProtocolHandler ["ajp-bio-8009"]
Jun 26, 2012 4:22:21 PM org.apache.catalina.core.StandardService stopInternal
INFO: Stopping service Catalina
Jun 26, 2012 4:22:21 PM org.apache.catalina.loader.WebappClassLoader clearReferencesJdbc
SEVERE: The web application [] registered the JDBC driver [org.logicalcobwebs.proxool.ProxoolDriver] but failed to unregister it when the web application was stopped. To prevent a memory leak, the JDBC Driver has been forcibly unregistered.
Jun 26, 2012 4:22:21 PM org.apache.catalina.loader.WebappClassLoader clearReferencesJdbc
SEVERE: The web application [] registered the JDBC driver [com.mysql.jdbc.Driver] but failed to unregister it when the web application was stopped. To prevent a memory leak, the JDBC Driver has been forcibly unregistered.
Jun 26, 2012 4:22:21 PM org.apache.catalina.loader.WebappClassLoader clearReferencesThreads
SEVERE: The web application [] appears to have started a thread named [HouseKeeper] but has failed to stop it. This is very likely to create a memory leak.
Jun 26, 2012 4:22:21 PM org.apache.catalina.loader.WebappClassLoader clearReferencesThreads
SEVERE: The web application [] appears to have started a thread named [DefaultQuartzScheduler_Worker-1] but has failed to stop it. This is very likely to create a memory leak.
Jun 26, 2012 4:22:21 PM org.apache.catalina.loader.WebappClassLoader clearReferencesThreads
SEVERE: The web application [] appears to have started a thread named [DefaultQuartzScheduler_Worker-2] but has failed to stop it. This is very likely to create a memory leak.
Jun 26, 2012 4:22:21 PM org.apache.catalina.loader.WebappClassLoader clearReferencesThreads
SEVERE: The web application [] appears to have started a thread named [DefaultQuartzScheduler_Worker-3] but has failed to stop it. This is very likely to create a memory leak.
Jun 26, 2012 4:22:21 PM org.apache.catalina.loader.WebappClassLoader clearReferencesThreads
SEVERE: The web application [] appears to have started a thread named [DefaultQuartzScheduler_Worker-4] but has failed to stop it. This is very likely to create a memory leak.
Jun 26, 2012 4:22:21 PM org.apache.coyote.AbstractProtocol stop
INFO: Stopping ProtocolHandler ["http-bio-8080"]
Jun 26, 2012 4:22:21 PM org.apache.coyote.AbstractProtocol stop
INFO: Stopping ProtocolHandler ["http-bio-8443"]
Jun 26, 2012 4:22:21 PM org.apache.coyote.AbstractProtocol stop
INFO: Stopping ProtocolHandler ["ajp-bio-8009"]
Jun 26, 2012 4:22:21 PM org.apache.coyote.AbstractProtocol destroy
INFO: Destroying ProtocolHandler ["http-bio-8080"]
Jun 26, 2012 4:22:21 PM org.apache.coyote.AbstractProtocol destroy
INFO: Destroying ProtocolHandler ["http-bio-8443"]
Jun 26, 2012 4:22:21 PM org.apache.coyote.AbstractProtocol destroy
INFO: Destroying ProtocolHandler ["ajp-bio-8009"]
Jun 26, 2012 4:22:25 PM org.apache.catalina.startup.Catalina initDirs
SEVERE: Cannot find specified temporary folder at /home/mmccann/forge/ctms_tc_base/temp
Jun 26, 2012 4:22:25 PM org.apache.coyote.AbstractProtocol init
INFO: Initializing ProtocolHandler ["http-bio-8080"]
Jun 26, 2012 4:22:25 PM org.apache.coyote.AbstractProtocol init
INFO: Initializing ProtocolHandler ["http-bio-8443"]
Jun 26, 2012 4:22:26 PM org.apache.coyote.AbstractProtocol init
INFO: Initializing ProtocolHandler ["ajp-bio-8009"]
Jun 26, 2012 4:22:26 PM org.apache.catalina.startup.Catalina load
INFO: Initialization processed in 676 ms
Jun 26, 2012 4:22:26 PM org.apache.catalina.core.StandardService startInternal
INFO: Starting service Catalina
Jun 26, 2012 4:22:26 PM org.apache.catalina.core.StandardEngine startInternal
INFO: Starting Servlet Engine: Apache Tomcat/7.0.26
Jun 26, 2012 4:22:26 PM org.apache.catalina.startup.HostConfig deployDescriptor
INFO: Deploying configuration descriptor /home/mmccann/forge/ctms_tc_base/conf/Catalina/localhost/ROOT.xml
Jun 26, 2012 4:22:34 PM org.apache.coyote.AbstractProtocol start
INFO: Starting ProtocolHandler ["http-bio-8080"]
Jun 26, 2012 4:22:34 PM org.apache.coyote.AbstractProtocol start
INFO: Starting ProtocolHandler ["http-bio-8443"]
Jun 26, 2012 4:22:34 PM org.apache.coyote.AbstractProtocol start
INFO: Starting ProtocolHandler ["ajp-bio-8009"]
Jun 26, 2012 4:22:34 PM org.apache.catalina.startup.Catalina start
INFO: Server startup in 8272 ms
Jun 26, 2012 4:36:45 PM org.apache.catalina.core.StandardServer await
INFO: A valid shutdown command was received via the shutdown port. Stopping the Server instance.
Jun 26, 2012 4:36:45 PM org.apache.coyote.AbstractProtocol pause
INFO: Pausing ProtocolHandler ["http-bio-8080"]
Jun 26, 2012 4:36:45 PM org.apache.coyote.AbstractProtocol pause
INFO: Pausing ProtocolHandler ["http-bio-8443"]
Jun 26, 2012 4:36:45 PM org.apache.coyote.AbstractProtocol pause
INFO: Pausing ProtocolHandler ["ajp-bio-8009"]
Jun 26, 2012 4:36:45 PM org.apache.catalina.core.StandardService stopInternal
INFO: Stopping service Catalina
Jun 26, 2012 4:36:45 PM org.apache.catalina.loader.WebappClassLoader clearReferencesJdbc
SEVERE: The web application [] registered the JDBC driver [org.logicalcobwebs.proxool.ProxoolDriver] but failed to unregister it when the web application was stopped. To prevent a memory leak, the JDBC Driver has been forcibly unregistered.
Jun 26, 2012 4:36:45 PM org.apache.catalina.loader.WebappClassLoader clearReferencesJdbc
SEVERE: The web application [] registered the JDBC driver [com.mysql.jdbc.Driver] but failed to unregister it when the web application was stopped. To prevent a memory leak, the JDBC Driver has been forcibly unregistered.
Jun 26, 2012 4:36:45 PM org.apache.catalina.loader.WebappClassLoader clearReferencesThreads
SEVERE: The web application [] appears to have started a thread named [HouseKeeper] but has failed to stop it. This is very likely to create a memory leak.
Jun 26, 2012 4:36:45 PM org.apache.catalina.loader.WebappClassLoader clearReferencesThreads
SEVERE: The web application [] appears to have started a thread named [DefaultQuartzScheduler_Worker-1] but has failed to stop it. This is very likely to create a memory leak.
Jun 26, 2012 4:36:45 PM org.apache.catalina.loader.WebappClassLoader clearReferencesThreads
SEVERE: The web application [] appears to have started a thread named [DefaultQuartzScheduler_Worker-2] but has failed to stop it. This is very likely to create a memory leak.
Jun 26, 2012 4:36:45 PM org.apache.catalina.loader.WebappClassLoader clearReferencesThreads
SEVERE: The web application [] appears to have started a thread named [DefaultQuartzScheduler_Worker-3] but has failed to stop it. This is very likely to create a memory leak.
Jun 26, 2012 4:36:45 PM org.apache.catalina.loader.WebappClassLoader clearReferencesThreads
SEVERE: The web application [] appears to have started a thread named [DefaultQuartzScheduler_Worker-4] but has failed to stop it. This is very likely to create a memory leak.
Jun 26, 2012 4:36:45 PM org.apache.coyote.AbstractProtocol stop
INFO: Stopping ProtocolHandler ["http-bio-8080"]
Jun 26, 2012 4:36:45 PM org.apache.coyote.AbstractProtocol stop
INFO: Stopping ProtocolHandler ["http-bio-8443"]
Jun 26, 2012 4:36:45 PM org.apache.coyote.AbstractProtocol stop
INFO: Stopping ProtocolHandler ["ajp-bio-8009"]
Jun 26, 2012 4:36:45 PM org.apache.coyote.AbstractProtocol destroy
INFO: Destroying ProtocolHandler ["http-bio-8080"]
Jun 26, 2012 4:36:45 PM org.apache.coyote.AbstractProtocol destroy
INFO: Destroying ProtocolHandler ["http-bio-8443"]
Jun 26, 2012 4:36:45 PM org.apache.coyote.AbstractProtocol destroy
INFO: Destroying ProtocolHandler ["ajp-bio-8009"]
Jun 26, 2012 4:36:48 PM org.apache.catalina.startup.Catalina initDirs
SEVERE: Cannot find specified temporary folder at /home/mmccann/forge/ctms_tc_base/temp
Jun 26, 2012 4:36:49 PM org.apache.coyote.AbstractProtocol init
INFO: Initializing ProtocolHandler ["http-bio-8080"]
Jun 26, 2012 4:36:49 PM org.apache.coyote.AbstractProtocol init
INFO: Initializing ProtocolHandler ["http-bio-8443"]
Jun 26, 2012 4:36:50 PM org.apache.coyote.AbstractProtocol init
INFO: Initializing ProtocolHandler ["ajp-bio-8009"]
Jun 26, 2012 4:36:50 PM org.apache.catalina.startup.Catalina load
INFO: Initialization processed in 1937 ms
Jun 26, 2012 4:36:50 PM org.apache.catalina.core.StandardService startInternal
INFO: Starting service Catalina
Jun 26, 2012 4:36:50 PM org.apache.catalina.core.StandardEngine startInternal
INFO: Starting Servlet Engine: Apache Tomcat/7.0.26
Jun 26, 2012 4:36:50 PM org.apache.catalina.startup.HostConfig deployDescriptor
INFO: Deploying configuration descriptor /home/mmccann/forge/ctms_tc_base/conf/Catalina/localhost/ROOT.xml
Jun 26, 2012 4:36:59 PM org.apache.coyote.AbstractProtocol start
INFO: Starting ProtocolHandler ["http-bio-8080"]
Jun 26, 2012 4:36:59 PM org.apache.coyote.AbstractProtocol start
INFO: Starting ProtocolHandler ["http-bio-8443"]
Jun 26, 2012 4:36:59 PM org.apache.coyote.AbstractProtocol start
INFO: Starting ProtocolHandler ["ajp-bio-8009"]
Jun 26, 2012 4:36:59 PM org.apache.catalina.startup.Catalina start
INFO: Server startup in 8877 ms
Jun 26, 2012 5:01:49 PM org.apache.catalina.core.StandardServer await
INFO: A valid shutdown command was received via the shutdown port. Stopping the Server instance.
Jun 26, 2012 5:01:49 PM org.apache.coyote.AbstractProtocol pause
INFO: Pausing ProtocolHandler ["http-bio-8080"]
Jun 26, 2012 5:01:50 PM org.apache.coyote.AbstractProtocol pause
INFO: Pausing ProtocolHandler ["http-bio-8443"]
Jun 26, 2012 5:01:50 PM org.apache.coyote.AbstractProtocol pause
INFO: Pausing ProtocolHandler ["ajp-bio-8009"]
Jun 26, 2012 5:01:50 PM org.apache.catalina.core.StandardService stopInternal
INFO: Stopping service Catalina
Jun 26, 2012 5:01:53 PM org.apache.catalina.loader.WebappClassLoader clearReferencesJdbc
SEVERE: The web application [] registered the JDBC driver [org.logicalcobwebs.proxool.ProxoolDriver] but failed to unregister it when the web application was stopped. To prevent a memory leak, the JDBC Driver has been forcibly unregistered.
Jun 26, 2012 5:01:53 PM org.apache.catalina.loader.WebappClassLoader clearReferencesJdbc
SEVERE: The web application [] registered the JDBC driver [com.mysql.jdbc.Driver] but failed to unregister it when the web application was stopped. To prevent a memory leak, the JDBC Driver has been forcibly unregistered.
Jun 26, 2012 5:01:53 PM org.apache.catalina.loader.WebappClassLoader clearReferencesThreads
SEVERE: The web application [] appears to have started a thread named [HouseKeeper] but has failed to stop it. This is very likely to create a memory leak.
Jun 26, 2012 5:01:53 PM org.apache.coyote.AbstractProtocol stop
INFO: Stopping ProtocolHandler ["http-bio-8080"]
Jun 26, 2012 5:01:53 PM org.apache.coyote.AbstractProtocol stop
INFO: Stopping ProtocolHandler ["http-bio-8443"]
Jun 26, 2012 5:01:53 PM org.apache.coyote.AbstractProtocol stop
INFO: Stopping ProtocolHandler ["ajp-bio-8009"]
Jun 26, 2012 5:01:53 PM org.apache.coyote.AbstractProtocol destroy
INFO: Destroying ProtocolHandler ["http-bio-8080"]
Jun 26, 2012 5:01:53 PM org.apache.coyote.AbstractProtocol destroy
INFO: Destroying ProtocolHandler ["http-bio-8443"]
Jun 26, 2012 5:01:53 PM org.apache.coyote.AbstractProtocol destroy
INFO: Destroying ProtocolHandler ["ajp-bio-8009"]
Jun 26, 2012 5:01:56 PM org.apache.catalina.startup.Catalina initDirs
SEVERE: Cannot find specified temporary folder at /home/mmccann/forge/ctms_tc_base/temp
Jun 26, 2012 5:01:58 PM org.apache.coyote.AbstractProtocol init
INFO: Initializing ProtocolHandler ["http-bio-8080"]
Jun 26, 2012 5:01:58 PM org.apache.coyote.AbstractProtocol init
INFO: Initializing ProtocolHandler ["http-bio-8443"]
Jun 26, 2012 5:01:59 PM org.apache.coyote.AbstractProtocol init
INFO: Initializing ProtocolHandler ["ajp-bio-8009"]
Jun 26, 2012 5:01:59 PM org.apache.catalina.startup.Catalina load
INFO: Initialization processed in 2580 ms
Jun 26, 2012 5:01:59 PM org.apache.catalina.core.StandardService startInternal
INFO: Starting service Catalina
Jun 26, 2012 5:01:59 PM org.apache.catalina.core.StandardEngine startInternal
INFO: Starting Servlet Engine: Apache Tomcat/7.0.26
Jun 26, 2012 5:01:59 PM org.apache.catalina.startup.HostConfig deployDescriptor
INFO: Deploying configuration descriptor /home/mmccann/forge/ctms_tc_base/conf/Catalina/localhost/ROOT.xml
Jun 26, 2012 5:02:24 PM org.apache.coyote.AbstractProtocol start
INFO: Starting ProtocolHandler ["http-bio-8080"]
Jun 26, 2012 5:02:24 PM org.apache.coyote.AbstractProtocol start
INFO: Starting ProtocolHandler ["http-bio-8443"]
Jun 26, 2012 5:02:24 PM org.apache.coyote.AbstractProtocol start
INFO: Starting ProtocolHandler ["ajp-bio-8009"]
Jun 26, 2012 5:02:24 PM org.apache.catalina.startup.Catalina start
INFO: Server startup in 25277 ms
Jun 26, 2012 6:02:29 PM org.apache.catalina.core.StandardServer await
INFO: A valid shutdown command was received via the shutdown port. Stopping the Server instance.
Jun 26, 2012 6:02:29 PM org.apache.coyote.AbstractProtocol pause
INFO: Pausing ProtocolHandler ["http-bio-8080"]
Jun 26, 2012 6:02:29 PM org.apache.coyote.AbstractProtocol pause
INFO: Pausing ProtocolHandler ["http-bio-8443"]
Jun 26, 2012 6:02:30 PM org.apache.coyote.AbstractProtocol pause
INFO: Pausing ProtocolHandler ["ajp-bio-8009"]
Jun 26, 2012 6:02:30 PM org.apache.catalina.core.StandardService stopInternal
INFO: Stopping service Catalina
Jun 26, 2012 6:02:32 PM org.apache.catalina.loader.WebappClassLoader clearReferencesJdbc
SEVERE: The web application [] registered the JDBC driver [org.logicalcobwebs.proxool.ProxoolDriver] but failed to unregister it when the web application was stopped. To prevent a memory leak, the JDBC Driver has been forcibly unregistered.
Jun 26, 2012 6:02:32 PM org.apache.catalina.loader.WebappClassLoader clearReferencesJdbc
SEVERE: The web application [] registered the JDBC driver [com.mysql.jdbc.Driver] but failed to unregister it when the web application was stopped. To prevent a memory leak, the JDBC Driver has been forcibly unregistered.
Jun 26, 2012 6:02:32 PM org.apache.catalina.loader.WebappClassLoader clearReferencesThreads
SEVERE: The web application [] appears to have started a thread named [HouseKeeper] but has failed to stop it. This is very likely to create a memory leak.
Jun 26, 2012 6:02:32 PM org.apache.catalina.loader.WebappClassLoader clearReferencesThreads
SEVERE: The web application [] appears to have started a thread named [DefaultQuartzScheduler_Worker-1] but has failed to stop it. This is very likely to create a memory leak.
Jun 26, 2012 6:02:32 PM org.apache.catalina.loader.WebappClassLoader clearReferencesThreads
SEVERE: The web application [] appears to have started a thread named [DefaultQuartzScheduler_Worker-2] but has failed to stop it. This is very likely to create a memory leak.
Jun 26, 2012 6:02:32 PM org.apache.catalina.loader.WebappClassLoader clearReferencesThreads
SEVERE: The web application [] appears to have started a thread named [DefaultQuartzScheduler_Worker-3] but has failed to stop it. This is very likely to create a memory leak.
Jun 26, 2012 6:02:32 PM org.apache.catalina.loader.WebappClassLoader clearReferencesThreads
SEVERE: The web application [] appears to have started a thread named [DefaultQuartzScheduler_Worker-4] but has failed to stop it. This is very likely to create a memory leak.
Jun 26, 2012 6:02:33 PM org.apache.coyote.AbstractProtocol stop
INFO: Stopping ProtocolHandler ["http-bio-8080"]
Jun 26, 2012 6:02:33 PM org.apache.coyote.AbstractProtocol stop
INFO: Stopping ProtocolHandler ["http-bio-8443"]
Jun 26, 2012 6:02:33 PM org.apache.coyote.AbstractProtocol stop
INFO: Stopping ProtocolHandler ["ajp-bio-8009"]
Jun 26, 2012 6:02:33 PM org.apache.coyote.AbstractProtocol destroy
INFO: Destroying ProtocolHandler ["http-bio-8080"]
Jun 26, 2012 6:02:33 PM org.apache.coyote.AbstractProtocol destroy
INFO: Destroying ProtocolHandler ["http-bio-8443"]
Jun 26, 2012 6:02:33 PM org.apache.coyote.AbstractProtocol destroy
INFO: Destroying ProtocolHandler ["ajp-bio-8009"]
Jun 26, 2012 6:02:40 PM org.apache.catalina.startup.Catalina initDirs
SEVERE: Cannot find specified temporary folder at /home/mmccann/forge/ctms_tc_base/temp
Jun 26, 2012 6:02:45 PM org.apache.coyote.AbstractProtocol init
INFO: Initializing ProtocolHandler ["http-bio-8080"]
Jun 26, 2012 6:02:45 PM org.apache.coyote.AbstractProtocol init
INFO: Initializing ProtocolHandler ["http-bio-8443"]
Jun 26, 2012 6:02:46 PM org.apache.coyote.AbstractProtocol init
INFO: Initializing ProtocolHandler ["ajp-bio-8009"]
Jun 26, 2012 6:02:46 PM org.apache.catalina.startup.Catalina load
INFO: Initialization processed in 5926 ms
Jun 26, 2012 6:02:46 PM org.apache.catalina.core.StandardService startInternal
INFO: Starting service Catalina
Jun 26, 2012 6:02:46 PM org.apache.catalina.core.StandardEngine startInternal
INFO: Starting Servlet Engine: Apache Tomcat/7.0.26
Jun 26, 2012 6:02:46 PM org.apache.catalina.startup.HostConfig deployDescriptor
INFO: Deploying configuration descriptor /home/mmccann/forge/ctms_tc_base/conf/Catalina/localhost/ROOT.xml
Jun 26, 2012 6:03:20 PM org.apache.coyote.AbstractProtocol start
INFO: Starting ProtocolHandler ["http-bio-8080"]
Jun 26, 2012 6:03:20 PM org.apache.coyote.AbstractProtocol start
INFO: Starting ProtocolHandler ["http-bio-8443"]
Jun 26, 2012 6:03:20 PM org.apache.coyote.AbstractProtocol start
INFO: Starting ProtocolHandler ["ajp-bio-8009"]
Jun 26, 2012 6:03:20 PM org.apache.catalina.startup.Catalina start
INFO: Server startup in 34603 ms
